<?xml version="1.0" encoding="UTF-8"?>
<robot generator="Robot 7.1.1 (Python 3.13.0 on win32)" generated="2024-10-23T10:03:12.352174" rpa="false" schemaversion="5">
<suite id="s1" name="Automation Files" source="C:\Users\Legion\rar\Automation_Files">
<suite id="s1-s1" name="Test" source="C:\Users\Legion\rar\Automation_Files\Test.Robot">
<test id="s1-s1-t1" name="Test Case 1" line="16">
<kw name="Launch Browser" type="SETUP">
<kw name="Set Variable" owner="BuiltIn">
<msg time="2024-10-23T10:03:12.897346" level="INFO">${options} = add_argument("--start-maximized")</msg>
<var>${options}</var>
<arg>add_argument("--start-maximized")</arg>
<doc>Returns the given values which can then be assigned to a variables.</doc>
<status status="PASS" start="2024-10-23T10:03:12.897196" elapsed="0.000182"/>
</kw>
<kw name="Open Browser" owner="SeleniumLibrary">
<msg time="2024-10-23T10:03:12.897829" level="INFO">Opening browser 'chrome' to base url 'https://marmelab.com/react-admin-demo'.</msg>
<arg>${url}</arg>
<arg>chrome</arg>
<arg>options=${options}</arg>
<doc>Opens a new browser instance to the optional ``url``.</doc>
<status status="PASS" start="2024-10-23T10:03:12.897579" elapsed="4.319310"/>
</kw>
<kw name="Login Users">
<kw name="Input Text">
<kw name="Input Text" owner="SeleniumLibrary">
<msg time="2024-10-23T10:03:17.218231" level="INFO">Typing text 'demo' into text field 'name:username'.</msg>
<arg>${locator}</arg>
<arg>${value}</arg>
<doc>Types the given ``text`` into the text field identified by ``locator``.</doc>
<status status="PASS" start="2024-10-23T10:03:17.217704" elapsed="0.155876"/>
</kw>
<arg>name:username</arg>
<arg>${user}</arg>
<status status="PASS" start="2024-10-23T10:03:17.217454" elapsed="0.156250"/>
</kw>
<kw name="Input Text">
<kw name="Input Text" owner="SeleniumLibrary">
<msg time="2024-10-23T10:03:17.374330" level="INFO">Typing text 'demo' into text field 'name:password'.</msg>
<arg>${locator}</arg>
<arg>${value}</arg>
<doc>Types the given ``text`` into the text field identified by ``locator``.</doc>
<status status="PASS" start="2024-10-23T10:03:17.374148" elapsed="0.078188"/>
</kw>
<arg>name:password</arg>
<arg>${password}</arg>
<status status="PASS" start="2024-10-23T10:03:17.373849" elapsed="0.078628"/>
</kw>
<kw name="Click Button" owner="SeleniumLibrary">
<msg time="2024-10-23T10:03:17.452771" level="INFO">Clicking button '//button'.</msg>
<arg>//button</arg>
<doc>Clicks the button identified by ``locator``.</doc>
<status status="PASS" start="2024-10-23T10:03:17.452619" elapsed="0.167761"/>
</kw>
<arg>demo</arg>
<arg>demo</arg>
<status status="PASS" start="2024-10-23T10:03:17.217144" elapsed="0.403359"/>
</kw>
<status status="PASS" start="2024-10-23T10:03:12.896554" elapsed="4.724017"/>
</kw>
<kw name="Fetch Data">
<kw name="Get Users Via Api" owner="Users">
<msg time="2024-10-23T10:03:17.795133" level="INFO">C:\Users\Legion\AppData\Local\Programs\Python\Python313\Lib\site-packages\urllib3\connectionpool.py:1099: InsecureRequestWarning: Unverified HTTPS request is being made to host 'jsonplaceholder.typicode.com'. Adding certificate verification is strongly advised. See: https://urllib3.readthedocs.io/en/latest/advanced-usage.html#tls-warnings
  warnings.warn(</msg>
<msg time="2024-10-23T10:03:17.795749" level="INFO">${users} = [{'id': 1, 'name': 'Leanne Graham', 'username': 'Bret', 'email': 'Sincere@april.biz', 'address': {'street': 'Kulas Light', 'suite': 'Apt. 556', 'city': 'Gwenborough', 'zipcode': '92998-3874', 'geo': {...</msg>
<var>${users}</var>
<status status="PASS" start="2024-10-23T10:03:17.621173" elapsed="0.174619"/>
</kw>
<kw name="Set Suite Variable" owner="BuiltIn">
<msg time="2024-10-23T10:03:17.796288" level="INFO">${USERS} = [{'id': 1, 'name': 'Leanne Graham', 'username': 'Bret', 'email': 'Sincere@april.biz', 'address': {'street': 'Kulas Light', 'suite': 'Apt. 556', 'city': 'Gwenborough', 'zipcode': '92998-3874', 'geo': {...</msg>
<arg>${USERS}</arg>
<arg>${users}</arg>
<doc>Makes a variable available everywhere within the scope of the current suite.</doc>
<status status="PASS" start="2024-10-23T10:03:17.795963" elapsed="0.000374"/>
</kw>
<status status="PASS" start="2024-10-23T10:03:17.620908" elapsed="0.175502"/>
</kw>
<kw name="Go To Link">
<kw name="Click Element" owner="SeleniumLibrary">
<msg time="2024-10-23T10:03:17.797006" level="INFO">Clicking element '//a[text()="Customers"]'.</msg>
<arg>//a[text()="${text}"]</arg>
<doc>Click the element identified by ``locator``.</doc>
<status status="PASS" start="2024-10-23T10:03:17.796829" elapsed="0.117881"/>
</kw>
<kw name="Wait Until Element Is Visible" owner="SeleniumLibrary">
<arg>//tbody//tr</arg>
<doc>Waits until the element ``locator`` is visible.</doc>
<status status="PASS" start="2024-10-23T10:03:17.914878" elapsed="1.068685"/>
</kw>
<status status="PASS" start="2024-10-23T10:03:17.796608" elapsed="1.187067"/>
</kw>
<for flavor="IN">
<iter>
<kw name="Go To Link">
<kw name="Click Element" owner="SeleniumLibrary">
<msg time="2024-10-23T10:03:18.985253" level="INFO">Clicking element '//a[text()="Customers"]'.</msg>
<arg>//a[text()="${text}"]</arg>
<doc>Click the element identified by ``locator``.</doc>
<status status="PASS" start="2024-10-23T10:03:18.985039" elapsed="0.074968"/>
</kw>
<kw name="Wait Until Element Is Visible" owner="SeleniumLibrary">
<arg>//tbody//tr</arg>
<doc>Waits until the element ``locator`` is visible.</doc>
<status status="PASS" start="2024-10-23T10:03:19.060171" elapsed="0.012511"/>
</kw>
<status status="PASS" start="2024-10-23T10:03:18.984656" elapsed="0.088138"/>
</kw>
<kw name="Open Add Identity Modal">
<kw name="Click Element" owner="SeleniumLibrary">
<msg time="2024-10-23T10:03:19.073291" level="INFO">Clicking element '//a[@aria-label="Create"]'.</msg>
<arg>//a[@aria-label="Create"]</arg>
<doc>Click the element identified by ``locator``.</doc>
<status status="PASS" start="2024-10-23T10:03:19.073152" elapsed="0.108492"/>
</kw>
<kw name="Wait Until Element Is Visible" owner="SeleniumLibrary">
<arg>${identity_txt_firstName}</arg>
<doc>Waits until the element ``locator`` is visible.</doc>
<status status="PASS" start="2024-10-23T10:03:19.181921" elapsed="0.014000"/>
</kw>
<kw name="Sleep" owner="BuiltIn">
<msg time="2024-10-23T10:03:20.196573" level="INFO">Slept 1 second.</msg>
<arg>1s</arg>
<doc>Pauses the test executed for the given time.</doc>
<status status="PASS" start="2024-10-23T10:03:19.196068" elapsed="1.000829"/>
</kw>
<status status="PASS" start="2024-10-23T10:03:19.072938" elapsed="1.124287"/>
</kw>
<kw name="Wait Until Element Is Visible" owner="SeleniumLibrary">
<arg>//form//div//div//h6[text()="Identity"]</arg>
<arg>timeout=5</arg>
<doc>Waits until the element ``locator`` is visible.</doc>
<status status="PASS" start="2024-10-23T10:03:20.197692" elapsed="0.017698"/>
</kw>
<kw name="Add User">
<kw name="Evaluate" owner="BuiltIn">
<msg time="2024-10-23T10:03:20.216357" level="INFO">${firstName} = Leanne</msg>
<var>${firstName}</var>
<arg>" ".join("${user['name']}".split()[:-1]).strip()</arg>
<doc>Evaluates the given expression in Python and returns the result.</doc>
<status status="PASS" start="2024-10-23T10:03:20.215857" elapsed="0.000529"/>
</kw>
<kw name="Evaluate" owner="BuiltIn">
<msg time="2024-10-23T10:03:20.216917" level="INFO">${lastName} = Graham</msg>
<var>${lastName}</var>
<arg>" ".join("${user['name']}".split()[-1:]).strip()</arg>
<doc>Evaluates the given expression in Python and returns the result.</doc>
<status status="PASS" start="2024-10-23T10:03:20.216483" elapsed="0.000461"/>
</kw>
<kw name="Generate Random String" owner="String">
<msg time="2024-10-23T10:03:20.217157" level="INFO">${state} = YTCx6Nmt</msg>
<var>${state}</var>
<doc>Generates a string with a desired ``length`` from the given ``chars``.</doc>
<status status="PASS" start="2024-10-23T10:03:20.217042" elapsed="0.000139"/>
</kw>
<kw name="Generate Password" owner="Users">
<msg time="2024-10-23T10:03:20.217391" level="INFO">${generated_password} = BfoZUYbOQrXhcnhlqWEe</msg>
<var>${generated_password}</var>
<status status="PASS" start="2024-10-23T10:03:20.217268" elapsed="0.000149"/>
</kw>
<kw name="Input Text">
<kw name="Input Text" owner="SeleniumLibrary">
<msg time="2024-10-23T10:03:20.218026" level="INFO">Typing text 'Leanne' into text field '//input[@name='first_name']'.</msg>
<arg>${locator}</arg>
<arg>${value}</arg>
<doc>Types the given ``text`` into the text field identified by ``locator``.</doc>
<status status="PASS" start="2024-10-23T10:03:20.217870" elapsed="0.079323"/>
</kw>
<arg>${identity_txt_firstName}</arg>
<arg>${firstName}</arg>
<status status="PASS" start="2024-10-23T10:03:20.217635" elapsed="0.079658"/>
</kw>
<kw name="Input Text">
<kw name="Input Text" owner="SeleniumLibrary">
<msg time="2024-10-23T10:03:20.297860" level="INFO">Typing text 'Graham' into text field '//input[@name='last_name']'.</msg>
<arg>${locator}</arg>
<arg>${value}</arg>
<doc>Types the given ``text`` into the text field identified by ``locator``.</doc>
<status status="PASS" start="2024-10-23T10:03:20.297698" elapsed="0.084773"/>
</kw>
<arg>${identity_txt_lastName}</arg>
<arg>${lastName}</arg>
<status status="PASS" start="2024-10-23T10:03:20.297425" elapsed="0.085200"/>
</kw>
<kw name="Input Text">
<kw name="Input Text" owner="SeleniumLibrary">
<msg time="2024-10-23T10:03:20.383901" level="INFO">Typing text 'Sincere@april.biz' into text field '//input[@name='email']'.</msg>
<arg>${locator}</arg>
<arg>${value}</arg>
<doc>Types the given ``text`` into the text field identified by ``locator``.</doc>
<status status="PASS" start="2024-10-23T10:03:20.383704" elapsed="0.119254"/>
</kw>
<arg>${identity_txt_email}</arg>
<arg>${user['email']}</arg>
<status status="PASS" start="2024-10-23T10:03:20.382922" elapsed="0.120225"/>
</kw>
<kw name="Input Date">
<kw name="Click Element At Coordinates" owner="SeleniumLibrary">
<msg time="2024-10-23T10:03:20.504815" level="INFO">Clicking element '//input[@type='date']' at coordinates x=0, y=0.</msg>
<arg>${locator}</arg>
<arg>0</arg>
<arg>0</arg>
<doc>Click the element ``locator`` at ``xoffset/yoffset``.</doc>
<status status="PASS" start="2024-10-23T10:03:20.504424" elapsed="0.571505"/>
</kw>
<kw name="Press Keys" owner="SeleniumLibrary">
<msg time="2024-10-23T10:03:21.076445" level="INFO">Sending key(s) ('070879',) to page.</msg>
<msg time="2024-10-23T10:03:21.076575" level="INFO">Sending keys 070879</msg>
<arg>None</arg>
<arg>${date}</arg>
<doc>Simulates the user pressing key(s) to an element or on the active browser.</doc>
<status status="PASS" start="2024-10-23T10:03:21.076097" elapsed="0.031970"/>
</kw>
<arg>${identity_txt_birthday}</arg>
<arg>${user['birthday']}</arg>
<status status="PASS" start="2024-10-23T10:03:20.503397" elapsed="0.604770"/>
</kw>
<kw name="Input Text">
<kw name="Input Text" owner="SeleniumLibrary">
<msg time="2024-10-23T10:03:21.109308" level="INFO">Typing text 'Apt. 556 Kulas Light' into text field '//textarea[@name="address"]'.</msg>
<arg>${locator}</arg>
<arg>${value}</arg>
<doc>Types the given ``text`` into the text field identified by ``locator``.</doc>
<status status="PASS" start="2024-10-23T10:03:21.109142" elapsed="0.098252"/>
</kw>
<arg>${identity_txt_address}</arg>
<arg>${user['address']['suite']} ${user['address']['street']}</arg>
<status status="PASS" start="2024-10-23T10:03:21.108300" elapsed="0.099238"/>
</kw>
<kw name="Input Text">
<kw name="Input Text" owner="SeleniumLibrary">
<msg time="2024-10-23T10:03:21.208686" level="INFO">Typing text 'Gwenborough' into text field '//input[@name='city']'.</msg>
<arg>${locator}</arg>
<arg>${value}</arg>
<doc>Types the given ``text`` into the text field identified by ``locator``.</doc>
<status status="PASS" start="2024-10-23T10:03:21.208447" elapsed="0.089800"/>
</kw>
<arg>${identity_txt_city}</arg>
<arg>${user['address']['city']}</arg>
<status status="PASS" start="2024-10-23T10:03:21.207781" elapsed="0.090595"/>
</kw>
<kw name="Input Text">
<kw name="Input Text" owner="SeleniumLibrary">
<msg time="2024-10-23T10:03:21.299160" level="INFO">Typing text 'YTCx6Nmt' into text field '//input[@name='stateAbbr']'.</msg>
<arg>${locator}</arg>
<arg>${value}</arg>
<doc>Types the given ``text`` into the text field identified by ``locator``.</doc>
<status status="PASS" start="2024-10-23T10:03:21.298906" elapsed="0.087153"/>
</kw>
<arg>${identity_txt_state}</arg>
<arg>${state}</arg>
<status status="PASS" start="2024-10-23T10:03:21.298522" elapsed="0.087665"/>
</kw>
<kw name="Input Text">
<kw name="Input Text" owner="SeleniumLibrary">
<msg time="2024-10-23T10:03:21.387064" level="INFO">Typing text '92998-3874' into text field '//input[@name='zipcode']'.</msg>
<arg>${locator}</arg>
<arg>${value}</arg>
<doc>Types the given ``text`` into the text field identified by ``locator``.</doc>
<status status="PASS" start="2024-10-23T10:03:21.386897" elapsed="0.089978"/>
</kw>
<arg>${identity_txt_zipcode}</arg>
<arg>${user['address']['zipcode']}</arg>
<status status="PASS" start="2024-10-23T10:03:21.386337" elapsed="0.090655"/>
</kw>
<kw name="Input Text">
<kw name="Input Text" owner="SeleniumLibrary">
<msg time="2024-10-23T10:03:21.477764" level="INFO">Typing text 'BfoZUYbOQrXhcnhlqWEe' into text field '//input[@name='password']'.</msg>
<arg>${locator}</arg>
<arg>${value}</arg>
<doc>Types the given ``text`` into the text field identified by ``locator``.</doc>
<status status="PASS" start="2024-10-23T10:03:21.477477" elapsed="0.109379"/>
</kw>
<arg>${identity_txt_password}</arg>
<arg>${generated_password}</arg>
<status status="PASS" start="2024-10-23T10:03:21.477141" elapsed="0.109881"/>
</kw>
<kw name="Input Text">
<kw name="Input Text" owner="SeleniumLibrary">
<msg time="2024-10-23T10:03:21.587753" level="INFO">Typing text 'BfoZUYbOQrXhcnhlqWEe' into text field '//input[@name='confirm_password']'.</msg>
<arg>${locator}</arg>
<arg>${value}</arg>
<doc>Types the given ``text`` into the text field identified by ``locator``.</doc>
<status status="PASS" start="2024-10-23T10:03:21.587520" elapsed="0.105126"/>
</kw>
<arg>${identity_txt_confirm_password}</arg>
<arg>${generated_password}</arg>
<status status="PASS" start="2024-10-23T10:03:21.587203" elapsed="0.105606"/>
</kw>
<kw name="Click Button" owner="SeleniumLibrary">
<msg time="2024-10-23T10:03:21.693136" level="INFO">Clicking button '//button[@type="submit"]'.</msg>
<arg>//button[@type="submit"]</arg>
<doc>Clicks the button identified by ``locator``.</doc>
<status status="PASS" start="2024-10-23T10:03:21.692982" elapsed="0.080564"/>
</kw>
<kw name="Append To List" owner="Collections">
<arg>${add_to_list}</arg>
<arg>${user['name']}</arg>
<doc>Adds ``values`` to the end of ``list``.</doc>
<status status="PASS" start="2024-10-23T10:03:21.773803" elapsed="0.000895"/>
</kw>
<kw name="Wait Until Element Is Visible" owner="SeleniumLibrary">
<arg>//button[text()="Delete"]</arg>
<doc>Waits until the element ``locator`` is visible.</doc>
<status status="PASS" start="2024-10-23T10:03:21.774897" elapsed="0.632614"/>
</kw>
<kw name="Go To Link">
<kw name="Click Element" owner="SeleniumLibrary">
<msg time="2024-10-23T10:03:22.408067" level="INFO">Clicking element '//a[text()="Customers"]'.</msg>
<arg>//a[text()="${text}"]</arg>
<doc>Click the element identified by ``locator``.</doc>
<status status="PASS" start="2024-10-23T10:03:22.407904" elapsed="0.180604"/>
</kw>
<kw name="Wait Until Element Is Visible" owner="SeleniumLibrary">
<arg>//tbody//tr</arg>
<doc>Waits until the element ``locator`` is visible.</doc>
<status status="PASS" start="2024-10-23T10:03:22.588672" elapsed="0.014993"/>
</kw>
<status status="PASS" start="2024-10-23T10:03:22.407677" elapsed="0.196089"/>
</kw>
<arg>${user}</arg>
<status status="PASS" start="2024-10-23T10:03:20.215609" elapsed="2.388212"/>
</kw>
<var name="${user}">{'id': 1, 'name': 'Leanne Graham', 'username': 'Bret', 'email': 'Sincere@april.biz', 'address': {'street': 'Kulas Light', 'suite': 'Apt. 556', 'city': 'Gwenborough', 'zipcode': '92998-3874', 'geo': {'...</var>
<status status="PASS" start="2024-10-23T10:03:18.984386" elapsed="3.619472"/>
</iter>
<iter>
<kw name="Go To Link">
<kw name="Click Element" owner="SeleniumLibrary">
<msg time="2024-10-23T10:03:22.604826" level="INFO">Clicking element '//a[text()="Customers"]'.</msg>
<arg>//a[text()="${text}"]</arg>
<doc>Click the element identified by ``locator``.</doc>
<status status="PASS" start="2024-10-23T10:03:22.604539" elapsed="0.068448"/>
</kw>
<kw name="Wait Until Element Is Visible" owner="SeleniumLibrary">
<arg>//tbody//tr</arg>
<doc>Waits until the element ``locator`` is visible.</doc>
<status status="PASS" start="2024-10-23T10:03:22.673152" elapsed="0.013273"/>
</kw>
<status status="PASS" start="2024-10-23T10:03:22.604214" elapsed="0.082310"/>
</kw>
<kw name="Open Add Identity Modal">
<kw name="Click Element" owner="SeleniumLibrary">
<msg time="2024-10-23T10:03:22.687007" level="INFO">Clicking element '//a[@aria-label="Create"]'.</msg>
<arg>//a[@aria-label="Create"]</arg>
<doc>Click the element identified by ``locator``.</doc>
<status status="PASS" start="2024-10-23T10:03:22.686876" elapsed="0.082513"/>
</kw>
<kw name="Wait Until Element Is Visible" owner="SeleniumLibrary">
<arg>${identity_txt_firstName}</arg>
<doc>Waits until the element ``locator`` is visible.</doc>
<status status="PASS" start="2024-10-23T10:03:22.769543" elapsed="0.011963"/>
</kw>
<kw name="Sleep" owner="BuiltIn">
<msg time="2024-10-23T10:03:23.782077" level="INFO">Slept 1 second.</msg>
<arg>1s</arg>
<doc>Pauses the test executed for the given time.</doc>
<status status="PASS" start="2024-10-23T10:03:22.781651" elapsed="1.000537"/>
</kw>
<status status="PASS" start="2024-10-23T10:03:22.686664" elapsed="1.095638"/>
</kw>
<kw name="Wait Until Element Is Visible" owner="SeleniumLibrary">
<arg>//form//div//div//h6[text()="Identity"]</arg>
<arg>timeout=5</arg>
<doc>Waits until the element ``locator`` is visible.</doc>
<status status="PASS" start="2024-10-23T10:03:23.782454" elapsed="0.009633"/>
</kw>
<kw name="Add User">
<kw name="Evaluate" owner="BuiltIn">
<msg time="2024-10-23T10:03:23.793073" level="INFO">${firstName} = Ervin</msg>
<var>${firstName}</var>
<arg>" ".join("${user['name']}".split()[:-1]).strip()</arg>
<doc>Evaluates the given expression in Python and returns the result.</doc>
<status status="PASS" start="2024-10-23T10:03:23.792563" elapsed="0.000539"/>
</kw>
<kw name="Evaluate" owner="BuiltIn">
<msg time="2024-10-23T10:03:23.793635" level="INFO">${lastName} = Howell</msg>
<var>${lastName}</var>
<arg>" ".join("${user['name']}".split()[-1:]).strip()</arg>
<doc>Evaluates the given expression in Python and returns the result.</doc>
<status status="PASS" start="2024-10-23T10:03:23.793205" elapsed="0.000457"/>
</kw>
<kw name="Generate Random String" owner="String">
<msg time="2024-10-23T10:03:23.793874" level="INFO">${state} = zRo68YO6</msg>
<var>${state}</var>
<doc>Generates a string with a desired ``length`` from the given ``chars``.</doc>
<status status="PASS" start="2024-10-23T10:03:23.793758" elapsed="0.000143"/>
</kw>
<kw name="Generate Password" owner="Users">
<msg time="2024-10-23T10:03:23.794105" level="INFO">${generated_password} = fUFbFdxCW5kUfME6se3T</msg>
<var>${generated_password}</var>
<status status="PASS" start="2024-10-23T10:03:23.793985" elapsed="0.000143"/>
</kw>
<kw name="Input Text">
<kw name="Input Text" owner="SeleniumLibrary">
<msg time="2024-10-23T10:03:23.794611" level="INFO">Typing text 'Ervin' into text field '//input[@name='first_name']'.</msg>
<arg>${locator}</arg>
<arg>${value}</arg>
<doc>Types the given ``text`` into the text field identified by ``locator``.</doc>
<status status="PASS" start="2024-10-23T10:03:23.794449" elapsed="0.061832"/>
</kw>
<arg>${identity_txt_firstName}</arg>
<arg>${firstName}</arg>
<status status="PASS" start="2024-10-23T10:03:23.794226" elapsed="0.062159"/>
</kw>
<kw name="Input Text">
<kw name="Input Text" owner="SeleniumLibrary">
<msg time="2024-10-23T10:03:23.857471" level="INFO">Typing text 'Howell' into text field '//input[@name='last_name']'.</msg>
<arg>${locator}</arg>
<arg>${value}</arg>
<doc>Types the given ``text`` into the text field identified by ``locator``.</doc>
<status status="PASS" start="2024-10-23T10:03:23.856897" elapsed="0.077732"/>
</kw>
<arg>${identity_txt_lastName}</arg>
<arg>${lastName}</arg>
<status status="PASS" start="2024-10-23T10:03:23.856532" elapsed="0.078203"/>
</kw>
<kw name="Input Text">
<kw name="Input Text" owner="SeleniumLibrary">
<msg time="2024-10-23T10:03:23.935613" level="INFO">Typing text 'Shanna@melissa.tv' into text field '//input[@name='email']'.</msg>
<arg>${locator}</arg>
<arg>${value}</arg>
<doc>Types the given ``text`` into the text field identified by ``locator``.</doc>
<status status="PASS" start="2024-10-23T10:03:23.935445" elapsed="0.098963"/>
</kw>
<arg>${identity_txt_email}</arg>
<arg>${user['email']}</arg>
<status status="PASS" start="2024-10-23T10:03:23.934865" elapsed="0.099704"/>
</kw>
<kw name="Input Date">
<kw name="Click Element At Coordinates" owner="SeleniumLibrary">
<msg time="2024-10-23T10:03:24.036460" level="INFO">Clicking element '//input[@type='date']' at coordinates x=0, y=0.</msg>
<arg>${locator}</arg>
<arg>0</arg>
<arg>0</arg>
<doc>Click the element ``locator`` at ``xoffset/yoffset``.</doc>
<status status="PASS" start="2024-10-23T10:03:24.036031" elapsed="0.562223"/>
</kw>
<kw name="Press Keys" owner="SeleniumLibrary">
<msg time="2024-10-23T10:03:24.599042" level="INFO">Sending key(s) ('081406',) to page.</msg>
<msg time="2024-10-23T10:03:24.599179" level="INFO">Sending keys 081406</msg>
<arg>None</arg>
<arg>${date}</arg>
<doc>Simulates the user pressing key(s) to an element or on the active browser.</doc>
<status status="PASS" start="2024-10-23T10:03:24.598551" elapsed="0.029044"/>
</kw>
<arg>${identity_txt_birthday}</arg>
<arg>${user['birthday']}</arg>
<status status="PASS" start="2024-10-23T10:03:24.034790" elapsed="0.592928"/>
</kw>
<kw name="Input Text">
<kw name="Input Text" owner="SeleniumLibrary">
<msg time="2024-10-23T10:03:24.628898" level="INFO">Typing text 'Suite 879 Victor Plains' into text field '//textarea[@name="address"]'.</msg>
<arg>${locator}</arg>
<arg>${value}</arg>
<doc>Types the given ``text`` into the text field identified by ``locator``.</doc>
<status status="PASS" start="2024-10-23T10:03:24.628699" elapsed="0.106526"/>
</kw>
<arg>${identity_txt_address}</arg>
<arg>${user['address']['suite']} ${user['address']['street']}</arg>
<status status="PASS" start="2024-10-23T10:03:24.627900" elapsed="0.107546"/>
</kw>
<kw name="Input Text">
<kw name="Input Text" owner="SeleniumLibrary">
<msg time="2024-10-23T10:03:24.736592" level="INFO">Typing text 'Wisokyburgh' into text field '//input[@name='city']'.</msg>
<arg>${locator}</arg>
<arg>${value}</arg>
<doc>Types the given ``text`` into the text field identified by ``locator``.</doc>
<status status="PASS" start="2024-10-23T10:03:24.736327" elapsed="0.090408"/>
</kw>
<arg>${identity_txt_city}</arg>
<arg>${user['address']['city']}</arg>
<status status="PASS" start="2024-10-23T10:03:24.735622" elapsed="0.091303"/>
</kw>
<kw name="Input Text">
<kw name="Input Text" owner="SeleniumLibrary">
<msg time="2024-10-23T10:03:24.827931" level="INFO">Typing text 'zRo68YO6' into text field '//input[@name='stateAbbr']'.</msg>
<arg>${locator}</arg>
<arg>${value}</arg>
<doc>Types the given ``text`` into the text field identified by ``locator``.</doc>
<status status="PASS" start="2024-10-23T10:03:24.827666" elapsed="0.080436"/>
</kw>
<arg>${identity_txt_state}</arg>
<arg>${state}</arg>
<status status="PASS" start="2024-10-23T10:03:24.827145" elapsed="0.081064"/>
</kw>
<kw name="Input Text">
<kw name="Input Text" owner="SeleniumLibrary">
<msg time="2024-10-23T10:03:24.909079" level="INFO">Typing text '90566-7771' into text field '//input[@name='zipcode']'.</msg>
<arg>${locator}</arg>
<arg>${value}</arg>
<doc>Types the given ``text`` into the text field identified by ``locator``.</doc>
<status status="PASS" start="2024-10-23T10:03:24.908910" elapsed="0.085800"/>
</kw>
<arg>${identity_txt_zipcode}</arg>
<arg>${user['address']['zipcode']}</arg>
<status status="PASS" start="2024-10-23T10:03:24.908355" elapsed="0.086508"/>
</kw>
<kw name="Input Text">
<kw name="Input Text" owner="SeleniumLibrary">
<msg time="2024-10-23T10:03:24.996176" level="INFO">Typing text 'fUFbFdxCW5kUfME6se3T' into text field '//input[@name='password']'.</msg>
<arg>${locator}</arg>
<arg>${value}</arg>
<doc>Types the given ``text`` into the text field identified by ``locator``.</doc>
<status status="PASS" start="2024-10-23T10:03:24.995857" elapsed="0.106661"/>
</kw>
<arg>${identity_txt_password}</arg>
<arg>${generated_password}</arg>
<status status="PASS" start="2024-10-23T10:03:24.995386" elapsed="0.107238"/>
</kw>
<kw name="Input Text">
<kw name="Input Text" owner="SeleniumLibrary">
<msg time="2024-10-23T10:03:25.103230" level="INFO">Typing text 'fUFbFdxCW5kUfME6se3T' into text field '//input[@name='confirm_password']'.</msg>
<arg>${locator}</arg>
<arg>${value}</arg>
<doc>Types the given ``text`` into the text field identified by ``locator``.</doc>
<status status="PASS" start="2024-10-23T10:03:25.103066" elapsed="0.106618"/>
</kw>
<arg>${identity_txt_confirm_password}</arg>
<arg>${generated_password}</arg>
<status status="PASS" start="2024-10-23T10:03:25.102760" elapsed="0.107041"/>
</kw>
<kw name="Click Button" owner="SeleniumLibrary">
<msg time="2024-10-23T10:03:25.210104" level="INFO">Clicking button '//button[@type="submit"]'.</msg>
<arg>//button[@type="submit"]</arg>
<doc>Clicks the button identified by ``locator``.</doc>
<status status="PASS" start="2024-10-23T10:03:25.209932" elapsed="0.063940"/>
</kw>
<kw name="Append To List" owner="Collections">
<arg>${add_to_list}</arg>
<arg>${user['name']}</arg>
<doc>Adds ``values`` to the end of ``list``.</doc>
<status status="PASS" start="2024-10-23T10:03:25.274023" elapsed="0.000527"/>
</kw>
<kw name="Wait Until Element Is Visible" owner="SeleniumLibrary">
<arg>//button[text()="Delete"]</arg>
<doc>Waits until the element ``locator`` is visible.</doc>
<status status="PASS" start="2024-10-23T10:03:25.274671" elapsed="0.634125"/>
</kw>
<kw name="Go To Link">
<kw name="Click Element" owner="SeleniumLibrary">
<msg time="2024-10-23T10:03:25.909350" level="INFO">Clicking element '//a[text()="Customers"]'.</msg>
<arg>//a[text()="${text}"]</arg>
<doc>Click the element identified by ``locator``.</doc>
<status status="PASS" start="2024-10-23T10:03:25.909187" elapsed="0.181556"/>
</kw>
<kw name="Wait Until Element Is Visible" owner="SeleniumLibrary">
<arg>//tbody//tr</arg>
<doc>Waits until the element ``locator`` is visible.</doc>
<status status="PASS" start="2024-10-23T10:03:26.090936" elapsed="0.015974"/>
</kw>
<status status="PASS" start="2024-10-23T10:03:25.908963" elapsed="0.198044"/>
</kw>
<arg>${user}</arg>
<status status="PASS" start="2024-10-23T10:03:23.792309" elapsed="2.314752"/>
</kw>
<var name="${user}">{'id': 2, 'name': 'Ervin Howell', 'username': 'Antonette', 'email': 'Shanna@melissa.tv', 'address': {'street': 'Victor Plains', 'suite': 'Suite 879', 'city': 'Wisokyburgh', 'zipcode': '90566-7771', 'g...</var>
<status status="PASS" start="2024-10-23T10:03:22.604095" elapsed="3.503004"/>
</iter>
<iter>
<kw name="Go To Link">
<kw name="Click Element" owner="SeleniumLibrary">
<msg time="2024-10-23T10:03:26.107730" level="INFO">Clicking element '//a[text()="Customers"]'.</msg>
<arg>//a[text()="${text}"]</arg>
<doc>Click the element identified by ``locator``.</doc>
<status status="PASS" start="2024-10-23T10:03:26.107563" elapsed="0.063269"/>
</kw>
<kw name="Wait Until Element Is Visible" owner="SeleniumLibrary">
<arg>//tbody//tr</arg>
<doc>Waits until the element ``locator`` is visible.</doc>
<status status="PASS" start="2024-10-23T10:03:26.170987" elapsed="0.011841"/>
</kw>
<status status="PASS" start="2024-10-23T10:03:26.107350" elapsed="0.075573"/>
</kw>
<kw name="Open Add Identity Modal">
<kw name="Click Element" owner="SeleniumLibrary">
<msg time="2024-10-23T10:03:26.183403" level="INFO">Clicking element '//a[@aria-label="Create"]'.</msg>
<arg>//a[@aria-label="Create"]</arg>
<doc>Click the element identified by ``locator``.</doc>
<status status="PASS" start="2024-10-23T10:03:26.183263" elapsed="0.083469"/>
</kw>
<kw name="Wait Until Element Is Visible" owner="SeleniumLibrary">
<arg>${identity_txt_firstName}</arg>
<doc>Waits until the element ``locator`` is visible.</doc>
<status status="PASS" start="2024-10-23T10:03:26.266935" elapsed="0.013933"/>
</kw>
<kw name="Sleep" owner="BuiltIn">
<msg time="2024-10-23T10:03:27.281764" level="INFO">Slept 1 second.</msg>
<arg>1s</arg>
<doc>Pauses the test executed for the given time.</doc>
<status status="PASS" start="2024-10-23T10:03:26.281013" elapsed="1.001097"/>
</kw>
<status status="PASS" start="2024-10-23T10:03:26.183061" elapsed="1.099411"/>
</kw>
<kw name="Wait Until Element Is Visible" owner="SeleniumLibrary">
<arg>//form//div//div//h6[text()="Identity"]</arg>
<arg>timeout=5</arg>
<doc>Waits until the element ``locator`` is visible.</doc>
<status status="PASS" start="2024-10-23T10:03:27.282977" elapsed="0.017856"/>
</kw>
<kw name="Add User">
<kw name="Evaluate" owner="BuiltIn">
<msg time="2024-10-23T10:03:27.301746" level="INFO">${firstName} = Clementine</msg>
<var>${firstName}</var>
<arg>" ".join("${user['name']}".split()[:-1]).strip()</arg>
<doc>Evaluates the given expression in Python and returns the result.</doc>
<status status="PASS" start="2024-10-23T10:03:27.301285" elapsed="0.000489"/>
</kw>
<kw name="Evaluate" owner="BuiltIn">
<msg time="2024-10-23T10:03:27.302291" level="INFO">${lastName} = Bauch</msg>
<var>${lastName}</var>
<arg>" ".join("${user['name']}".split()[-1:]).strip()</arg>
<doc>Evaluates the given expression in Python and returns the result.</doc>
<status status="PASS" start="2024-10-23T10:03:27.301875" elapsed="0.000443"/>
</kw>
<kw name="Generate Random String" owner="String">
<msg time="2024-10-23T10:03:27.302530" level="INFO">${state} = ns57DzFf</msg>
<var>${state}</var>
<doc>Generates a string with a desired ``length`` from the given ``chars``.</doc>
<status status="PASS" start="2024-10-23T10:03:27.302413" elapsed="0.000143"/>
</kw>
<kw name="Generate Password" owner="Users">
<msg time="2024-10-23T10:03:27.302762" level="INFO">${generated_password} = plYpeRNBea2kI1zSXZMp</msg>
<var>${generated_password}</var>
<status status="PASS" start="2024-10-23T10:03:27.302641" elapsed="0.000146"/>
</kw>
<kw name="Input Text">
<kw name="Input Text" owner="SeleniumLibrary">
<msg time="2024-10-23T10:03:27.303260" level="INFO">Typing text 'Clementine' into text field '//input[@name='first_name']'.</msg>
<arg>${locator}</arg>
<arg>${value}</arg>
<doc>Types the given ``text`` into the text field identified by ``locator``.</doc>
<status status="PASS" start="2024-10-23T10:03:27.303107" elapsed="0.069780"/>
</kw>
<arg>${identity_txt_firstName}</arg>
<arg>${firstName}</arg>
<status status="PASS" start="2024-10-23T10:03:27.302882" elapsed="0.070161"/>
</kw>
<kw name="Input Text">
<kw name="Input Text" owner="SeleniumLibrary">
<msg time="2024-10-23T10:03:27.373631" level="INFO">Typing text 'Bauch' into text field '//input[@name='last_name']'.</msg>
<arg>${locator}</arg>
<arg>${value}</arg>
<doc>Types the given ``text`` into the text field identified by ``locator``.</doc>
<status status="PASS" start="2024-10-23T10:03:27.373463" elapsed="0.073820"/>
</kw>
<arg>${identity_txt_lastName}</arg>
<arg>${lastName}</arg>
<status status="PASS" start="2024-10-23T10:03:27.373188" elapsed="0.074247"/>
</kw>
<kw name="Input Text">
<kw name="Input Text" owner="SeleniumLibrary">
<msg time="2024-10-23T10:03:27.448359" level="INFO">Typing text 'Nathan@yesenia.net' into text field '//input[@name='email']'.</msg>
<arg>${locator}</arg>
<arg>${value}</arg>
<doc>Types the given ``text`` into the text field identified by ``locator``.</doc>
<status status="PASS" start="2024-10-23T10:03:27.448189" elapsed="0.094692"/>
</kw>
<arg>${identity_txt_email}</arg>
<arg>${user['email']}</arg>
<status status="PASS" start="2024-10-23T10:03:27.447600" elapsed="0.095413"/>
</kw>
<kw name="Input Date">
<kw name="Click Element At Coordinates" owner="SeleniumLibrary">
<msg time="2024-10-23T10:03:27.544438" level="INFO">Clicking element '//input[@type='date']' at coordinates x=0, y=0.</msg>
<arg>${locator}</arg>
<arg>0</arg>
<arg>0</arg>
<doc>Click the element ``locator`` at ``xoffset/yoffset``.</doc>
<status status="PASS" start="2024-10-23T10:03:27.544228" elapsed="0.547635"/>
</kw>
<kw name="Press Keys" owner="SeleniumLibrary">
<msg time="2024-10-23T10:03:28.092550" level="INFO">Sending key(s) ('122371',) to page.</msg>
<msg time="2024-10-23T10:03:28.092661" level="INFO">Sending keys 122371</msg>
<arg>None</arg>
<arg>${date}</arg>
<doc>Simulates the user pressing key(s) to an element or on the active browser.</doc>
<status status="PASS" start="2024-10-23T10:03:28.092091" elapsed="0.030171"/>
</kw>
<arg>${identity_txt_birthday}</arg>
<arg>${user['birthday']}</arg>
<status status="PASS" start="2024-10-23T10:03:27.543323" elapsed="0.579050"/>
</kw>
<kw name="Input Text">
<kw name="Input Text" owner="SeleniumLibrary">
<msg time="2024-10-23T10:03:28.124973" level="INFO">Typing text 'Suite 847 Douglas Extension' into text field '//textarea[@name="address"]'.</msg>
<arg>${locator}</arg>
<arg>${value}</arg>
<doc>Types the given ``text`` into the text field identified by ``locator``.</doc>
<status status="PASS" start="2024-10-23T10:03:28.124032" elapsed="0.210947"/>
</kw>
<arg>${identity_txt_address}</arg>
<arg>${user['address']['suite']} ${user['address']['street']}</arg>
<status status="PASS" start="2024-10-23T10:03:28.122511" elapsed="0.212627"/>
</kw>
<kw name="Input Text">
<kw name="Input Text" owner="SeleniumLibrary">
<msg time="2024-10-23T10:03:28.336272" level="INFO">Typing text 'McKenziehaven' into text field '//input[@name='city']'.</msg>
<arg>${locator}</arg>
<arg>${value}</arg>
<doc>Types the given ``text`` into the text field identified by ``locator``.</doc>
<status status="PASS" start="2024-10-23T10:03:28.336066" elapsed="0.089308"/>
</kw>
<arg>${identity_txt_city}</arg>
<arg>${user['address']['city']}</arg>
<status status="PASS" start="2024-10-23T10:03:28.335317" elapsed="0.090169"/>
</kw>
<kw name="Input Text">
<kw name="Input Text" owner="SeleniumLibrary">
<msg time="2024-10-23T10:03:28.426098" level="INFO">Typing text 'ns57DzFf' into text field '//input[@name='stateAbbr']'.</msg>
<arg>${locator}</arg>
<arg>${value}</arg>
<doc>Types the given ``text`` into the text field identified by ``locator``.</doc>
<status status="PASS" start="2024-10-23T10:03:28.425918" elapsed="0.076687"/>
</kw>
<arg>${identity_txt_state}</arg>
<arg>${state}</arg>
<status status="PASS" start="2024-10-23T10:03:28.425626" elapsed="0.077105"/>
</kw>
<kw name="Input Text">
<kw name="Input Text" owner="SeleniumLibrary">
<msg time="2024-10-23T10:03:28.503675" level="INFO">Typing text '59590-4157' into text field '//input[@name='zipcode']'.</msg>
<arg>${locator}</arg>
<arg>${value}</arg>
<doc>Types the given ``text`` into the text field identified by ``locator``.</doc>
<status status="PASS" start="2024-10-23T10:03:28.503513" elapsed="0.083856"/>
</kw>
<arg>${identity_txt_zipcode}</arg>
<arg>${user['address']['zipcode']}</arg>
<status status="PASS" start="2024-10-23T10:03:28.502913" elapsed="0.084568"/>
</kw>
<kw name="Input Text">
<kw name="Input Text" owner="SeleniumLibrary">
<msg time="2024-10-23T10:03:28.588082" level="INFO">Typing text 'plYpeRNBea2kI1zSXZMp' into text field '//input[@name='password']'.</msg>
<arg>${locator}</arg>
<arg>${value}</arg>
<doc>Types the given ``text`` into the text field identified by ``locator``.</doc>
<status status="PASS" start="2024-10-23T10:03:28.587893" elapsed="0.162078"/>
</kw>
<arg>${identity_txt_password}</arg>
<arg>${generated_password}</arg>
<status status="PASS" start="2024-10-23T10:03:28.587620" elapsed="0.162488"/>
</kw>
<kw name="Input Text">
<kw name="Input Text" owner="SeleniumLibrary">
<msg time="2024-10-23T10:03:28.751902" level="INFO">Typing text 'plYpeRNBea2kI1zSXZMp' into text field '//input[@name='confirm_password']'.</msg>
<arg>${locator}</arg>
<arg>${value}</arg>
<doc>Types the given ``text`` into the text field identified by ``locator``.</doc>
<status status="PASS" start="2024-10-23T10:03:28.751469" elapsed="0.188630"/>
</kw>
<arg>${identity_txt_confirm_password}</arg>
<arg>${generated_password}</arg>
<status status="PASS" start="2024-10-23T10:03:28.750491" elapsed="0.189716"/>
</kw>
<kw name="Click Button" owner="SeleniumLibrary">
<msg time="2024-10-23T10:03:28.940561" level="INFO">Clicking button '//button[@type="submit"]'.</msg>
<arg>//button[@type="submit"]</arg>
<doc>Clicks the button identified by ``locator``.</doc>
<status status="PASS" start="2024-10-23T10:03:28.940393" elapsed="0.055227"/>
</kw>
<kw name="Append To List" owner="Collections">
<arg>${add_to_list}</arg>
<arg>${user['name']}</arg>
<doc>Adds ``values`` to the end of ``list``.</doc>
<status status="PASS" start="2024-10-23T10:03:28.995767" elapsed="0.000465"/>
</kw>
<kw name="Wait Until Element Is Visible" owner="SeleniumLibrary">
<arg>//button[text()="Delete"]</arg>
<doc>Waits until the element ``locator`` is visible.</doc>
<status status="PASS" start="2024-10-23T10:03:28.996342" elapsed="1.061850"/>
</kw>
<kw name="Go To Link">
<kw name="Click Element" owner="SeleniumLibrary">
<msg time="2024-10-23T10:03:30.058812" level="INFO">Clicking element '//a[text()="Customers"]'.</msg>
<arg>//a[text()="${text}"]</arg>
<doc>Click the element identified by ``locator``.</doc>
<status status="PASS" start="2024-10-23T10:03:30.058626" elapsed="0.184443"/>
</kw>
<kw name="Wait Until Element Is Visible" owner="SeleniumLibrary">
<arg>//tbody//tr</arg>
<doc>Waits until the element ``locator`` is visible.</doc>
<status status="PASS" start="2024-10-23T10:03:30.243245" elapsed="0.012725"/>
</kw>
<status status="PASS" start="2024-10-23T10:03:30.058373" elapsed="0.197697"/>
</kw>
<arg>${user}</arg>
<status status="PASS" start="2024-10-23T10:03:27.301040" elapsed="2.955085"/>
</kw>
<var name="${user}">{'id': 3, 'name': 'Clementine Bauch', 'username': 'Samantha', 'email': 'Nathan@yesenia.net', 'address': {'street': 'Douglas Extension', 'suite': 'Suite 847', 'city': 'McKenziehaven', 'zipcode': '59590...</var>
<status status="PASS" start="2024-10-23T10:03:26.107244" elapsed="4.148918"/>
</iter>
<iter>
<kw name="Go To Link">
<kw name="Click Element" owner="SeleniumLibrary">
<msg time="2024-10-23T10:03:30.256792" level="INFO">Clicking element '//a[text()="Customers"]'.</msg>
<arg>//a[text()="${text}"]</arg>
<doc>Click the element identified by ``locator``.</doc>
<status status="PASS" start="2024-10-23T10:03:30.256626" elapsed="0.065644"/>
</kw>
<kw name="Wait Until Element Is Visible" owner="SeleniumLibrary">
<arg>//tbody//tr</arg>
<doc>Waits until the element ``locator`` is visible.</doc>
<status status="PASS" start="2024-10-23T10:03:30.322422" elapsed="0.011367"/>
</kw>
<status status="PASS" start="2024-10-23T10:03:30.256410" elapsed="0.077612"/>
</kw>
<kw name="Open Add Identity Modal">
<kw name="Click Element" owner="SeleniumLibrary">
<msg time="2024-10-23T10:03:30.334919" level="INFO">Clicking element '//a[@aria-label="Create"]'.</msg>
<arg>//a[@aria-label="Create"]</arg>
<doc>Click the element identified by ``locator``.</doc>
<status status="PASS" start="2024-10-23T10:03:30.334717" elapsed="0.080129"/>
</kw>
<kw name="Wait Until Element Is Visible" owner="SeleniumLibrary">
<arg>${identity_txt_firstName}</arg>
<doc>Waits until the element ``locator`` is visible.</doc>
<status status="PASS" start="2024-10-23T10:03:30.415038" elapsed="0.016328"/>
</kw>
<kw name="Sleep" owner="BuiltIn">
<msg time="2024-10-23T10:03:31.432249" level="INFO">Slept 1 second.</msg>
<arg>1s</arg>
<doc>Pauses the test executed for the given time.</doc>
<status status="PASS" start="2024-10-23T10:03:30.431608" elapsed="1.000736"/>
</kw>
<status status="PASS" start="2024-10-23T10:03:30.334249" elapsed="1.098190"/>
</kw>
<kw name="Wait Until Element Is Visible" owner="SeleniumLibrary">
<arg>//form//div//div//h6[text()="Identity"]</arg>
<arg>timeout=5</arg>
<doc>Waits until the element ``locator`` is visible.</doc>
<status status="PASS" start="2024-10-23T10:03:31.432561" elapsed="0.009842"/>
</kw>
<kw name="Add User">
<kw name="Evaluate" owner="BuiltIn">
<msg time="2024-10-23T10:03:31.443549" level="INFO">${firstName} = Patricia</msg>
<var>${firstName}</var>
<arg>" ".join("${user['name']}".split()[:-1]).strip()</arg>
<doc>Evaluates the given expression in Python and returns the result.</doc>
<status status="PASS" start="2024-10-23T10:03:31.443057" elapsed="0.000521"/>
</kw>
<kw name="Evaluate" owner="BuiltIn">
<msg time="2024-10-23T10:03:31.444118" level="INFO">${lastName} = Lebsack</msg>
<var>${lastName}</var>
<arg>" ".join("${user['name']}".split()[-1:]).strip()</arg>
<doc>Evaluates the given expression in Python and returns the result.</doc>
<status status="PASS" start="2024-10-23T10:03:31.443679" elapsed="0.000468"/>
</kw>
<kw name="Generate Random String" owner="String">
<msg time="2024-10-23T10:03:31.444370" level="INFO">${state} = POoR3ft1</msg>
<var>${state}</var>
<doc>Generates a string with a desired ``length`` from the given ``chars``.</doc>
<status status="PASS" start="2024-10-23T10:03:31.444252" elapsed="0.000146"/>
</kw>
<kw name="Generate Password" owner="Users">
<msg time="2024-10-23T10:03:31.444610" level="INFO">${generated_password} = 5e8hYDbfPUTqfy95dF5V</msg>
<var>${generated_password}</var>
<status status="PASS" start="2024-10-23T10:03:31.444488" elapsed="0.000146"/>
</kw>
<kw name="Input Text">
<kw name="Input Text" owner="SeleniumLibrary">
<msg time="2024-10-23T10:03:31.445186" level="INFO">Typing text 'Patricia' into text field '//input[@name='first_name']'.</msg>
<arg>${locator}</arg>
<arg>${value}</arg>
<doc>Types the given ``text`` into the text field identified by ``locator``.</doc>
<status status="PASS" start="2024-10-23T10:03:31.445020" elapsed="0.096351"/>
</kw>
<arg>${identity_txt_firstName}</arg>
<arg>${firstName}</arg>
<status status="PASS" start="2024-10-23T10:03:31.444762" elapsed="0.096722"/>
</kw>
<kw name="Input Text">
<kw name="Input Text" owner="SeleniumLibrary">
<msg time="2024-10-23T10:03:31.542249" level="INFO">Typing text 'Lebsack' into text field '//input[@name='last_name']'.</msg>
<arg>${locator}</arg>
<arg>${value}</arg>
<doc>Types the given ``text`` into the text field identified by ``locator``.</doc>
<status status="PASS" start="2024-10-23T10:03:31.542056" elapsed="0.109476"/>
</kw>
<arg>${identity_txt_lastName}</arg>
<arg>${lastName}</arg>
<status status="PASS" start="2024-10-23T10:03:31.541630" elapsed="0.110068"/>
</kw>
<kw name="Input Text">
<kw name="Input Text" owner="SeleniumLibrary">
<msg time="2024-10-23T10:03:31.653093" level="INFO">Typing text 'Julianne.OConner@kory.org' into text field '//input[@name='email']'.</msg>
<arg>${locator}</arg>
<arg>${value}</arg>
<doc>Types the given ``text`` into the text field identified by ``locator``.</doc>
<status status="PASS" start="2024-10-23T10:03:31.652843" elapsed="0.175663"/>
</kw>
<arg>${identity_txt_email}</arg>
<arg>${user['email']}</arg>
<status status="PASS" start="2024-10-23T10:03:31.651905" elapsed="0.176729"/>
</kw>
<kw name="Input Date">
<kw name="Click Element At Coordinates" owner="SeleniumLibrary">
<msg time="2024-10-23T10:03:31.829595" level="INFO">Clicking element '//input[@type='date']' at coordinates x=0, y=0.</msg>
<arg>${locator}</arg>
<arg>0</arg>
<arg>0</arg>
<doc>Click the element ``locator`` at ``xoffset/yoffset``.</doc>
<status status="PASS" start="2024-10-23T10:03:31.829419" elapsed="10.605161"/>
</kw>
<kw name="Press Keys" owner="SeleniumLibrary">
<msg time="2024-10-23T10:03:42.435232" level="INFO">Sending key(s) ('030184',) to page.</msg>
<msg time="2024-10-23T10:03:42.435312" level="INFO">Sending keys 030184</msg>
<arg>None</arg>
<arg>${date}</arg>
<doc>Simulates the user pressing key(s) to an element or on the active browser.</doc>
<status status="PASS" start="2024-10-23T10:03:42.434791" elapsed="0.025865"/>
</kw>
<arg>${identity_txt_birthday}</arg>
<arg>${user['birthday']}</arg>
<status status="PASS" start="2024-10-23T10:03:31.828790" elapsed="10.631968"/>
</kw>
<kw name="Input Text">
<kw name="Input Text" owner="SeleniumLibrary">
<msg time="2024-10-23T10:03:42.461870" level="INFO">Typing text 'Apt. 692 Hoeger Mall' into text field '//textarea[@name="address"]'.</msg>
<arg>${locator}</arg>
<arg>${value}</arg>
<doc>Types the given ``text`` into the text field identified by ``locator``.</doc>
<status status="PASS" start="2024-10-23T10:03:42.461705" elapsed="0.134938"/>
</kw>
<arg>${identity_txt_address}</arg>
<arg>${user['address']['suite']} ${user['address']['street']}</arg>
<status status="PASS" start="2024-10-23T10:03:42.460888" elapsed="0.135858"/>
</kw>
<kw name="Input Text">
<kw name="Input Text" owner="SeleniumLibrary">
<msg time="2024-10-23T10:03:42.597678" level="INFO">Typing text 'South Elvis' into text field '//input[@name='city']'.</msg>
<arg>${locator}</arg>
<arg>${value}</arg>
<doc>Types the given ``text`` into the text field identified by ``locator``.</doc>
<status status="PASS" start="2024-10-23T10:03:42.597506" elapsed="0.071908"/>
</kw>
<arg>${identity_txt_city}</arg>
<arg>${user['address']['city']}</arg>
<status status="PASS" start="2024-10-23T10:03:42.596918" elapsed="0.072596"/>
</kw>
<kw name="Input Text">
<kw name="Input Text" owner="SeleniumLibrary">
<msg time="2024-10-23T10:03:42.670057" level="INFO">Typing text 'POoR3ft1' into text field '//input[@name='stateAbbr']'.</msg>
<arg>${locator}</arg>
<arg>${value}</arg>
<doc>Types the given ``text`` into the text field identified by ``locator``.</doc>
<status status="PASS" start="2024-10-23T10:03:42.669900" elapsed="0.068072"/>
</kw>
<arg>${identity_txt_state}</arg>
<arg>${state}</arg>
<status status="PASS" start="2024-10-23T10:03:42.669640" elapsed="0.068435"/>
</kw>
<kw name="Input Text">
<kw name="Input Text" owner="SeleniumLibrary">
<msg time="2024-10-23T10:03:42.739008" level="INFO">Typing text '53919-4257' into text field '//input[@name='zipcode']'.</msg>
<arg>${locator}</arg>
<arg>${value}</arg>
<doc>Types the given ``text`` into the text field identified by ``locator``.</doc>
<status status="PASS" start="2024-10-23T10:03:42.738841" elapsed="0.068096"/>
</kw>
<arg>${identity_txt_zipcode}</arg>
<arg>${user['address']['zipcode']}</arg>
<status status="PASS" start="2024-10-23T10:03:42.738206" elapsed="0.068833"/>
</kw>
<kw name="Input Text">
<kw name="Input Text" owner="SeleniumLibrary">
<msg time="2024-10-23T10:03:42.807600" level="INFO">Typing text '5e8hYDbfPUTqfy95dF5V' into text field '//input[@name='password']'.</msg>
<arg>${locator}</arg>
<arg>${value}</arg>
<doc>Types the given ``text`` into the text field identified by ``locator``.</doc>
<status status="PASS" start="2024-10-23T10:03:42.807439" elapsed="0.103892"/>
</kw>
<arg>${identity_txt_password}</arg>
<arg>${generated_password}</arg>
<status status="PASS" start="2024-10-23T10:03:42.807171" elapsed="0.104269"/>
</kw>
<kw name="Input Text">
<kw name="Input Text" owner="SeleniumLibrary">
<msg time="2024-10-23T10:03:42.912015" level="INFO">Typing text '5e8hYDbfPUTqfy95dF5V' into text field '//input[@name='confirm_password']'.</msg>
<arg>${locator}</arg>
<arg>${value}</arg>
<doc>Types the given ``text`` into the text field identified by ``locator``.</doc>
<status status="PASS" start="2024-10-23T10:03:42.911849" elapsed="0.090779"/>
</kw>
<arg>${identity_txt_confirm_password}</arg>
<arg>${generated_password}</arg>
<status status="PASS" start="2024-10-23T10:03:42.911572" elapsed="0.091163"/>
</kw>
<kw name="Click Button" owner="SeleniumLibrary">
<msg time="2024-10-23T10:03:43.002996" level="INFO">Clicking button '//button[@type="submit"]'.</msg>
<arg>//button[@type="submit"]</arg>
<doc>Clicks the button identified by ``locator``.</doc>
<status status="PASS" start="2024-10-23T10:03:43.002851" elapsed="0.056447"/>
</kw>
<kw name="Append To List" owner="Collections">
<arg>${add_to_list}</arg>
<arg>${user['name']}</arg>
<doc>Adds ``values`` to the end of ``list``.</doc>
<status status="PASS" start="2024-10-23T10:03:43.059445" elapsed="0.000460"/>
</kw>
<kw name="Wait Until Element Is Visible" owner="SeleniumLibrary">
<arg>//button[text()="Delete"]</arg>
<doc>Waits until the element ``locator`` is visible.</doc>
<status status="PASS" start="2024-10-23T10:03:43.060060" elapsed="1.048328"/>
</kw>
<kw name="Go To Link">
<kw name="Click Element" owner="SeleniumLibrary">
<msg time="2024-10-23T10:03:44.108957" level="INFO">Clicking element '//a[text()="Customers"]'.</msg>
<arg>//a[text()="${text}"]</arg>
<doc>Click the element identified by ``locator``.</doc>
<status status="PASS" start="2024-10-23T10:03:44.108789" elapsed="0.195042"/>
</kw>
<kw name="Wait Until Element Is Visible" owner="SeleniumLibrary">
<arg>//tbody//tr</arg>
<doc>Waits until the element ``locator`` is visible.</doc>
<status status="PASS" start="2024-10-23T10:03:44.303982" elapsed="0.012101"/>
</kw>
<status status="PASS" start="2024-10-23T10:03:44.108557" elapsed="0.207626"/>
</kw>
<arg>${user}</arg>
<status status="PASS" start="2024-10-23T10:03:31.442757" elapsed="12.873480"/>
</kw>
<var name="${user}">{'id': 4, 'name': 'Patricia Lebsack', 'username': 'Karianne', 'email': 'Julianne.OConner@kory.org', 'address': {'street': 'Hoeger Mall', 'suite': 'Apt. 692', 'city': 'South Elvis', 'zipcode': '53919-4...</var>
<status status="PASS" start="2024-10-23T10:03:30.256302" elapsed="14.059972"/>
</iter>
<iter>
<kw name="Go To Link">
<kw name="Click Element" owner="SeleniumLibrary">
<msg time="2024-10-23T10:03:44.316894" level="INFO">Clicking element '//a[text()="Customers"]'.</msg>
<arg>//a[text()="${text}"]</arg>
<doc>Click the element identified by ``locator``.</doc>
<status status="PASS" start="2024-10-23T10:03:44.316732" elapsed="0.059222"/>
</kw>
<kw name="Wait Until Element Is Visible" owner="SeleniumLibrary">
<arg>//tbody//tr</arg>
<doc>Waits until the element ``locator`` is visible.</doc>
<status status="PASS" start="2024-10-23T10:03:44.376112" elapsed="0.012351"/>
</kw>
<status status="PASS" start="2024-10-23T10:03:44.316519" elapsed="0.072041"/>
</kw>
<kw name="Open Add Identity Modal">
<kw name="Click Element" owner="SeleniumLibrary">
<msg time="2024-10-23T10:03:44.389028" level="INFO">Clicking element '//a[@aria-label="Create"]'.</msg>
<arg>//a[@aria-label="Create"]</arg>
<doc>Click the element identified by ``locator``.</doc>
<status status="PASS" start="2024-10-23T10:03:44.388897" elapsed="0.076848"/>
</kw>
<kw name="Wait Until Element Is Visible" owner="SeleniumLibrary">
<arg>${identity_txt_firstName}</arg>
<doc>Waits until the element ``locator`` is visible.</doc>
<status status="PASS" start="2024-10-23T10:03:44.465904" elapsed="0.010310"/>
</kw>
<kw name="Sleep" owner="BuiltIn">
<msg time="2024-10-23T10:03:45.477553" level="INFO">Slept 1 second.</msg>
<arg>1s</arg>
<doc>Pauses the test executed for the given time.</doc>
<status status="PASS" start="2024-10-23T10:03:44.476381" elapsed="1.001299"/>
</kw>
<status status="PASS" start="2024-10-23T10:03:44.388694" elapsed="1.089107"/>
</kw>
<kw name="Wait Until Element Is Visible" owner="SeleniumLibrary">
<arg>//form//div//div//h6[text()="Identity"]</arg>
<arg>timeout=5</arg>
<doc>Waits until the element ``locator`` is visible.</doc>
<status status="PASS" start="2024-10-23T10:03:45.477976" elapsed="0.014950"/>
</kw>
<kw name="Add User">
<kw name="Evaluate" owner="BuiltIn">
<msg time="2024-10-23T10:03:45.494347" level="INFO">${firstName} = Chelsey</msg>
<var>${firstName}</var>
<arg>" ".join("${user['name']}".split()[:-1]).strip()</arg>
<doc>Evaluates the given expression in Python and returns the result.</doc>
<status status="PASS" start="2024-10-23T10:03:45.493798" elapsed="0.000578"/>
</kw>
<kw name="Evaluate" owner="BuiltIn">
<msg time="2024-10-23T10:03:45.494958" level="INFO">${lastName} = Dietrich</msg>
<var>${lastName}</var>
<arg>" ".join("${user['name']}".split()[-1:]).strip()</arg>
<doc>Evaluates the given expression in Python and returns the result.</doc>
<status status="PASS" start="2024-10-23T10:03:45.494481" elapsed="0.000505"/>
</kw>
<kw name="Generate Random String" owner="String">
<msg time="2024-10-23T10:03:45.495198" level="INFO">${state} = 78KuQg4p</msg>
<var>${state}</var>
<doc>Generates a string with a desired ``length`` from the given ``chars``.</doc>
<status status="PASS" start="2024-10-23T10:03:45.495085" elapsed="0.000136"/>
</kw>
<kw name="Generate Password" owner="Users">
<msg time="2024-10-23T10:03:45.495461" level="INFO">${generated_password} = i9W32EbYTNoNNkImWQD0</msg>
<var>${generated_password}</var>
<status status="PASS" start="2024-10-23T10:03:45.495303" elapsed="0.000181"/>
</kw>
<kw name="Input Text">
<kw name="Input Text" owner="SeleniumLibrary">
<msg time="2024-10-23T10:03:45.495995" level="INFO">Typing text 'Chelsey' into text field '//input[@name='first_name']'.</msg>
<arg>${locator}</arg>
<arg>${value}</arg>
<doc>Types the given ``text`` into the text field identified by ``locator``.</doc>
<status status="PASS" start="2024-10-23T10:03:45.495828" elapsed="0.068393"/>
</kw>
<arg>${identity_txt_firstName}</arg>
<arg>${firstName}</arg>
<status status="PASS" start="2024-10-23T10:03:45.495591" elapsed="0.068759"/>
</kw>
<kw name="Input Text">
<kw name="Input Text" owner="SeleniumLibrary">
<msg time="2024-10-23T10:03:45.565012" level="INFO">Typing text 'Dietrich' into text field '//input[@name='last_name']'.</msg>
<arg>${locator}</arg>
<arg>${value}</arg>
<doc>Types the given ``text`` into the text field identified by ``locator``.</doc>
<status status="PASS" start="2024-10-23T10:03:45.564853" elapsed="0.069470"/>
</kw>
<arg>${identity_txt_lastName}</arg>
<arg>${lastName}</arg>
<status status="PASS" start="2024-10-23T10:03:45.564561" elapsed="0.069864"/>
</kw>
<kw name="Input Text">
<kw name="Input Text" owner="SeleniumLibrary">
<msg time="2024-10-23T10:03:45.635291" level="INFO">Typing text 'Lucio_Hettinger@annie.ca' into text field '//input[@name='email']'.</msg>
<arg>${locator}</arg>
<arg>${value}</arg>
<doc>Types the given ``text`` into the text field identified by ``locator``.</doc>
<status status="PASS" start="2024-10-23T10:03:45.635124" elapsed="0.086650"/>
</kw>
<arg>${identity_txt_email}</arg>
<arg>${user['email']}</arg>
<status status="PASS" start="2024-10-23T10:03:45.634549" elapsed="0.087326"/>
</kw>
<kw name="Input Date">
<kw name="Click Element At Coordinates" owner="SeleniumLibrary">
<msg time="2024-10-23T10:03:45.722833" level="INFO">Clicking element '//input[@type='date']' at coordinates x=0, y=0.</msg>
<arg>${locator}</arg>
<arg>0</arg>
<arg>0</arg>
<doc>Click the element ``locator`` at ``xoffset/yoffset``.</doc>
<status status="PASS" start="2024-10-23T10:03:45.722673" elapsed="7.859997"/>
</kw>
<kw name="Press Keys" owner="SeleniumLibrary">
<msg time="2024-10-23T10:03:53.583448" level="INFO">Sending key(s) ('080782',) to page.</msg>
<msg time="2024-10-23T10:03:53.583540" level="INFO">Sending keys 080782</msg>
<arg>None</arg>
<arg>${date}</arg>
<doc>Simulates the user pressing key(s) to an element or on the active browser.</doc>
<status status="PASS" start="2024-10-23T10:03:53.582943" elapsed="0.040642"/>
</kw>
<arg>${identity_txt_birthday}</arg>
<arg>${user['birthday']}</arg>
<status status="PASS" start="2024-10-23T10:03:45.722034" elapsed="7.901653"/>
</kw>
<kw name="Input Text">
<kw name="Input Text" owner="SeleniumLibrary">
<msg time="2024-10-23T10:03:53.624832" level="INFO">Typing text 'Suite 351 Skiles Walks' into text field '//textarea[@name="address"]'.</msg>
<arg>${locator}</arg>
<arg>${value}</arg>
<doc>Types the given ``text`` into the text field identified by ``locator``.</doc>
<status status="PASS" start="2024-10-23T10:03:53.624665" elapsed="0.117376"/>
</kw>
<arg>${identity_txt_address}</arg>
<arg>${user['address']['suite']} ${user['address']['street']}</arg>
<status status="PASS" start="2024-10-23T10:03:53.623829" elapsed="0.118330"/>
</kw>
<kw name="Input Text">
<kw name="Input Text" owner="SeleniumLibrary">
<msg time="2024-10-23T10:03:53.743066" level="INFO">Typing text 'Roscoeview' into text field '//input[@name='city']'.</msg>
<arg>${locator}</arg>
<arg>${value}</arg>
<doc>Types the given ``text`` into the text field identified by ``locator``.</doc>
<status status="PASS" start="2024-10-23T10:03:53.742898" elapsed="0.113577"/>
</kw>
<arg>${identity_txt_city}</arg>
<arg>${user['address']['city']}</arg>
<status status="PASS" start="2024-10-23T10:03:53.742310" elapsed="0.114284"/>
</kw>
<kw name="Input Text">
<kw name="Input Text" owner="SeleniumLibrary">
<msg time="2024-10-23T10:03:53.857231" level="INFO">Typing text '78KuQg4p' into text field '//input[@name='stateAbbr']'.</msg>
<arg>${locator}</arg>
<arg>${value}</arg>
<doc>Types the given ``text`` into the text field identified by ``locator``.</doc>
<status status="PASS" start="2024-10-23T10:03:53.857041" elapsed="0.087708"/>
</kw>
<arg>${identity_txt_state}</arg>
<arg>${state}</arg>
<status status="PASS" start="2024-10-23T10:03:53.856738" elapsed="0.088115"/>
</kw>
<kw name="Input Text">
<kw name="Input Text" owner="SeleniumLibrary">
<msg time="2024-10-23T10:03:53.945853" level="INFO">Typing text '33263' into text field '//input[@name='zipcode']'.</msg>
<arg>${locator}</arg>
<arg>${value}</arg>
<doc>Types the given ``text`` into the text field identified by ``locator``.</doc>
<status status="PASS" start="2024-10-23T10:03:53.945643" elapsed="0.081894"/>
</kw>
<arg>${identity_txt_zipcode}</arg>
<arg>${user['address']['zipcode']}</arg>
<status status="PASS" start="2024-10-23T10:03:53.944985" elapsed="0.082660"/>
</kw>
<kw name="Input Text">
<kw name="Input Text" owner="SeleniumLibrary">
<msg time="2024-10-23T10:03:54.028207" level="INFO">Typing text 'i9W32EbYTNoNNkImWQD0' into text field '//input[@name='password']'.</msg>
<arg>${locator}</arg>
<arg>${value}</arg>
<doc>Types the given ``text`` into the text field identified by ``locator``.</doc>
<status status="PASS" start="2024-10-23T10:03:54.028046" elapsed="0.122672"/>
</kw>
<arg>${identity_txt_password}</arg>
<arg>${generated_password}</arg>
<status status="PASS" start="2024-10-23T10:03:54.027777" elapsed="0.123046"/>
</kw>
<kw name="Input Text">
<kw name="Input Text" owner="SeleniumLibrary">
<msg time="2024-10-23T10:03:54.151424" level="INFO">Typing text 'i9W32EbYTNoNNkImWQD0' into text field '//input[@name='confirm_password']'.</msg>
<arg>${locator}</arg>
<arg>${value}</arg>
<doc>Types the given ``text`` into the text field identified by ``locator``.</doc>
<status status="PASS" start="2024-10-23T10:03:54.151244" elapsed="0.097477"/>
</kw>
<arg>${identity_txt_confirm_password}</arg>
<arg>${generated_password}</arg>
<status status="PASS" start="2024-10-23T10:03:54.150959" elapsed="0.097861"/>
</kw>
<kw name="Click Button" owner="SeleniumLibrary">
<msg time="2024-10-23T10:03:54.249074" level="INFO">Clicking button '//button[@type="submit"]'.</msg>
<arg>//button[@type="submit"]</arg>
<doc>Clicks the button identified by ``locator``.</doc>
<status status="PASS" start="2024-10-23T10:03:54.248936" elapsed="0.070101"/>
</kw>
<kw name="Append To List" owner="Collections">
<arg>${add_to_list}</arg>
<arg>${user['name']}</arg>
<doc>Adds ``values`` to the end of ``list``.</doc>
<status status="PASS" start="2024-10-23T10:03:54.319184" elapsed="0.000583"/>
</kw>
<kw name="Wait Until Element Is Visible" owner="SeleniumLibrary">
<arg>//button[text()="Delete"]</arg>
<doc>Waits until the element ``locator`` is visible.</doc>
<status status="PASS" start="2024-10-23T10:03:54.319897" elapsed="0.849900"/>
</kw>
<kw name="Go To Link">
<kw name="Click Element" owner="SeleniumLibrary">
<msg time="2024-10-23T10:03:55.170364" level="INFO">Clicking element '//a[text()="Customers"]'.</msg>
<arg>//a[text()="${text}"]</arg>
<doc>Click the element identified by ``locator``.</doc>
<status status="PASS" start="2024-10-23T10:03:55.170197" elapsed="0.201986"/>
</kw>
<kw name="Wait Until Element Is Visible" owner="SeleniumLibrary">
<arg>//tbody//tr</arg>
<doc>Waits until the element ``locator`` is visible.</doc>
<status status="PASS" start="2024-10-23T10:03:55.372335" elapsed="0.018386"/>
</kw>
<status status="PASS" start="2024-10-23T10:03:55.169963" elapsed="0.220863"/>
</kw>
<arg>${user}</arg>
<status status="PASS" start="2024-10-23T10:03:45.493360" elapsed="9.897521"/>
</kw>
<var name="${user}">{'id': 5, 'name': 'Chelsey Dietrich', 'username': 'Kamren', 'email': 'Lucio_Hettinger@annie.ca', 'address': {'street': 'Skiles Walks', 'suite': 'Suite 351', 'city': 'Roscoeview', 'zipcode': '33263', '...</var>
<status status="PASS" start="2024-10-23T10:03:44.316413" elapsed="11.074506"/>
</iter>
<iter>
<kw name="Go To Link">
<kw name="Click Element" owner="SeleniumLibrary">
<msg time="2024-10-23T10:03:55.391524" level="INFO">Clicking element '//a[text()="Customers"]'.</msg>
<arg>//a[text()="${text}"]</arg>
<doc>Click the element identified by ``locator``.</doc>
<status status="PASS" start="2024-10-23T10:03:55.391365" elapsed="0.058066"/>
</kw>
<kw name="Wait Until Element Is Visible" owner="SeleniumLibrary">
<arg>//tbody//tr</arg>
<doc>Waits until the element ``locator`` is visible.</doc>
<status status="PASS" start="2024-10-23T10:03:55.449589" elapsed="0.011229"/>
</kw>
<status status="PASS" start="2024-10-23T10:03:55.391158" elapsed="0.069758"/>
</kw>
<kw name="Open Add Identity Modal">
<kw name="Click Element" owner="SeleniumLibrary">
<msg time="2024-10-23T10:03:55.461397" level="INFO">Clicking element '//a[@aria-label="Create"]'.</msg>
<arg>//a[@aria-label="Create"]</arg>
<doc>Click the element identified by ``locator``.</doc>
<status status="PASS" start="2024-10-23T10:03:55.461263" elapsed="0.084641"/>
</kw>
<kw name="Wait Until Element Is Visible" owner="SeleniumLibrary">
<arg>${identity_txt_firstName}</arg>
<doc>Waits until the element ``locator`` is visible.</doc>
<status status="PASS" start="2024-10-23T10:03:55.546056" elapsed="0.009991"/>
</kw>
<kw name="Sleep" owner="BuiltIn">
<msg time="2024-10-23T10:03:56.557276" level="INFO">Slept 1 second.</msg>
<arg>1s</arg>
<doc>Pauses the test executed for the given time.</doc>
<status status="PASS" start="2024-10-23T10:03:55.556207" elapsed="1.001187"/>
</kw>
<status status="PASS" start="2024-10-23T10:03:55.461051" elapsed="1.096446"/>
</kw>
<kw name="Wait Until Element Is Visible" owner="SeleniumLibrary">
<arg>//form//div//div//h6[text()="Identity"]</arg>
<arg>timeout=5</arg>
<doc>Waits until the element ``locator`` is visible.</doc>
<status status="PASS" start="2024-10-23T10:03:56.557650" elapsed="0.030715"/>
</kw>
<kw name="Add User">
<kw name="Evaluate" owner="BuiltIn">
<msg time="2024-10-23T10:03:56.589424" level="INFO">${firstName} = Mrs. Dennis</msg>
<var>${firstName}</var>
<arg>" ".join("${user['name']}".split()[:-1]).strip()</arg>
<doc>Evaluates the given expression in Python and returns the result.</doc>
<status status="PASS" start="2024-10-23T10:03:56.588937" elapsed="0.000516"/>
</kw>
<kw name="Evaluate" owner="BuiltIn">
<msg time="2024-10-23T10:03:56.589967" level="INFO">${lastName} = Schulist</msg>
<var>${lastName}</var>
<arg>" ".join("${user['name']}".split()[-1:]).strip()</arg>
<doc>Evaluates the given expression in Python and returns the result.</doc>
<status status="PASS" start="2024-10-23T10:03:56.589549" elapsed="0.000448"/>
</kw>
<kw name="Generate Random String" owner="String">
<msg time="2024-10-23T10:03:56.590207" level="INFO">${state} = Gfl403Tl</msg>
<var>${state}</var>
<doc>Generates a string with a desired ``length`` from the given ``chars``.</doc>
<status status="PASS" start="2024-10-23T10:03:56.590092" elapsed="0.000171"/>
</kw>
<kw name="Generate Password" owner="Users">
<msg time="2024-10-23T10:03:56.590514" level="INFO">${generated_password} = rMI55esFlXmVfbSgZwNC</msg>
<var>${generated_password}</var>
<status status="PASS" start="2024-10-23T10:03:56.590393" elapsed="0.000144"/>
</kw>
<kw name="Input Text">
<kw name="Input Text" owner="SeleniumLibrary">
<msg time="2024-10-23T10:03:56.591271" level="INFO">Typing text 'Mrs. Dennis' into text field '//input[@name='first_name']'.</msg>
<arg>${locator}</arg>
<arg>${value}</arg>
<doc>Types the given ``text`` into the text field identified by ``locator``.</doc>
<status status="PASS" start="2024-10-23T10:03:56.591000" elapsed="0.086529"/>
</kw>
<arg>${identity_txt_firstName}</arg>
<arg>${firstName}</arg>
<status status="PASS" start="2024-10-23T10:03:56.590637" elapsed="0.087058"/>
</kw>
<kw name="Input Text">
<kw name="Input Text" owner="SeleniumLibrary">
<msg time="2024-10-23T10:03:56.678329" level="INFO">Typing text 'Schulist' into text field '//input[@name='last_name']'.</msg>
<arg>${locator}</arg>
<arg>${value}</arg>
<doc>Types the given ``text`` into the text field identified by ``locator``.</doc>
<status status="PASS" start="2024-10-23T10:03:56.678159" elapsed="0.086354"/>
</kw>
<arg>${identity_txt_lastName}</arg>
<arg>${lastName}</arg>
<status status="PASS" start="2024-10-23T10:03:56.677833" elapsed="0.086835"/>
</kw>
<kw name="Input Text">
<kw name="Input Text" owner="SeleniumLibrary">
<msg time="2024-10-23T10:03:56.765793" level="INFO">Typing text 'Karley_Dach@jasper.info' into text field '//input[@name='email']'.</msg>
<arg>${locator}</arg>
<arg>${value}</arg>
<doc>Types the given ``text`` into the text field identified by ``locator``.</doc>
<status status="PASS" start="2024-10-23T10:03:56.765579" elapsed="0.121347"/>
</kw>
<arg>${identity_txt_email}</arg>
<arg>${user['email']}</arg>
<status status="PASS" start="2024-10-23T10:03:56.764850" elapsed="0.122178"/>
</kw>
<kw name="Input Date">
<kw name="Click Element At Coordinates" owner="SeleniumLibrary">
<msg time="2024-10-23T10:03:56.887928" level="INFO">Clicking element '//input[@type='date']' at coordinates x=0, y=0.</msg>
<arg>${locator}</arg>
<arg>0</arg>
<arg>0</arg>
<doc>Click the element ``locator`` at ``xoffset/yoffset``.</doc>
<status status="PASS" start="2024-10-23T10:03:56.887761" elapsed="3.963149"/>
</kw>
<kw name="Press Keys" owner="SeleniumLibrary">
<msg time="2024-10-23T10:04:00.851424" level="INFO">Sending key(s) ('020681',) to page.</msg>
<msg time="2024-10-23T10:04:00.851490" level="INFO">Sending keys 020681</msg>
<arg>None</arg>
<arg>${date}</arg>
<doc>Simulates the user pressing key(s) to an element or on the active browser.</doc>
<status status="PASS" start="2024-10-23T10:04:00.851086" elapsed="0.049285"/>
</kw>
<arg>${identity_txt_birthday}</arg>
<arg>${user['birthday']}</arg>
<status status="PASS" start="2024-10-23T10:03:56.887155" elapsed="4.013349"/>
</kw>
<kw name="Input Text">
<kw name="Input Text" owner="SeleniumLibrary">
<msg time="2024-10-23T10:04:00.901684" level="INFO">Typing text 'Apt. 950 Norberto Crossing' into text field '//textarea[@name="address"]'.</msg>
<arg>${locator}</arg>
<arg>${value}</arg>
<doc>Types the given ``text`` into the text field identified by ``locator``.</doc>
<status status="PASS" start="2024-10-23T10:04:00.901512" elapsed="0.134678"/>
</kw>
<arg>${identity_txt_address}</arg>
<arg>${user['address']['suite']} ${user['address']['street']}</arg>
<status status="PASS" start="2024-10-23T10:04:00.900635" elapsed="0.135857"/>
</kw>
<kw name="Input Text">
<kw name="Input Text" owner="SeleniumLibrary">
<msg time="2024-10-23T10:04:01.037951" level="INFO">Typing text 'South Christy' into text field '//input[@name='city']'.</msg>
<arg>${locator}</arg>
<arg>${value}</arg>
<doc>Types the given ``text`` into the text field identified by ``locator``.</doc>
<status status="PASS" start="2024-10-23T10:04:01.037673" elapsed="0.100475"/>
</kw>
<arg>${identity_txt_city}</arg>
<arg>${user['address']['city']}</arg>
<status status="PASS" start="2024-10-23T10:04:01.036742" elapsed="0.101588"/>
</kw>
<kw name="Input Text">
<kw name="Input Text" owner="SeleniumLibrary">
<msg time="2024-10-23T10:04:01.139121" level="INFO">Typing text 'Gfl403Tl' into text field '//input[@name='stateAbbr']'.</msg>
<arg>${locator}</arg>
<arg>${value}</arg>
<doc>Types the given ``text`` into the text field identified by ``locator``.</doc>
<status status="PASS" start="2024-10-23T10:04:01.138952" elapsed="0.113566"/>
</kw>
<arg>${identity_txt_state}</arg>
<arg>${state}</arg>
<status status="PASS" start="2024-10-23T10:04:01.138557" elapsed="0.114078"/>
</kw>
<kw name="Input Text">
<kw name="Input Text" owner="SeleniumLibrary">
<msg time="2024-10-23T10:04:01.253561" level="INFO">Typing text '23505-1337' into text field '//input[@name='zipcode']'.</msg>
<arg>${locator}</arg>
<arg>${value}</arg>
<doc>Types the given ``text`` into the text field identified by ``locator``.</doc>
<status status="PASS" start="2024-10-23T10:04:01.253384" elapsed="0.101322"/>
</kw>
<arg>${identity_txt_zipcode}</arg>
<arg>${user['address']['zipcode']}</arg>
<status status="PASS" start="2024-10-23T10:04:01.252789" elapsed="0.102035"/>
</kw>
<kw name="Input Text">
<kw name="Input Text" owner="SeleniumLibrary">
<msg time="2024-10-23T10:04:01.356073" level="INFO">Typing text 'rMI55esFlXmVfbSgZwNC' into text field '//input[@name='password']'.</msg>
<arg>${locator}</arg>
<arg>${value}</arg>
<doc>Types the given ``text`` into the text field identified by ``locator``.</doc>
<status status="PASS" start="2024-10-23T10:04:01.355629" elapsed="0.149643"/>
</kw>
<arg>${identity_txt_password}</arg>
<arg>${generated_password}</arg>
<status status="PASS" start="2024-10-23T10:04:01.355049" elapsed="0.150339"/>
</kw>
<kw name="Input Text">
<kw name="Input Text" owner="SeleniumLibrary">
<msg time="2024-10-23T10:04:01.506021" level="INFO">Typing text 'rMI55esFlXmVfbSgZwNC' into text field '//input[@name='confirm_password']'.</msg>
<arg>${locator}</arg>
<arg>${value}</arg>
<doc>Types the given ``text`` into the text field identified by ``locator``.</doc>
<status status="PASS" start="2024-10-23T10:04:01.505846" elapsed="0.118706"/>
</kw>
<arg>${identity_txt_confirm_password}</arg>
<arg>${generated_password}</arg>
<status status="PASS" start="2024-10-23T10:04:01.505542" elapsed="0.119122"/>
</kw>
<kw name="Click Button" owner="SeleniumLibrary">
<msg time="2024-10-23T10:04:01.624953" level="INFO">Clicking button '//button[@type="submit"]'.</msg>
<arg>//button[@type="submit"]</arg>
<doc>Clicks the button identified by ``locator``.</doc>
<status status="PASS" start="2024-10-23T10:04:01.624790" elapsed="0.062768"/>
</kw>
<kw name="Append To List" owner="Collections">
<arg>${add_to_list}</arg>
<arg>${user['name']}</arg>
<doc>Adds ``values`` to the end of ``list``.</doc>
<status status="PASS" start="2024-10-23T10:04:01.687705" elapsed="0.000508"/>
</kw>
<kw name="Wait Until Element Is Visible" owner="SeleniumLibrary">
<arg>//button[text()="Delete"]</arg>
<doc>Waits until the element ``locator`` is visible.</doc>
<status status="PASS" start="2024-10-23T10:04:01.688392" elapsed="0.651097"/>
</kw>
<kw name="Go To Link">
<kw name="Click Element" owner="SeleniumLibrary">
<msg time="2024-10-23T10:04:02.340052" level="INFO">Clicking element '//a[text()="Customers"]'.</msg>
<arg>//a[text()="${text}"]</arg>
<doc>Click the element identified by ``locator``.</doc>
<status status="PASS" start="2024-10-23T10:04:02.339887" elapsed="0.178281"/>
</kw>
<kw name="Wait Until Element Is Visible" owner="SeleniumLibrary">
<arg>//tbody//tr</arg>
<doc>Waits until the element ``locator`` is visible.</doc>
<status status="PASS" start="2024-10-23T10:04:02.518332" elapsed="0.014828"/>
</kw>
<status status="PASS" start="2024-10-23T10:04:02.339661" elapsed="0.193600"/>
</kw>
<arg>${user}</arg>
<status status="PASS" start="2024-10-23T10:03:56.588664" elapsed="5.944650"/>
</kw>
<var name="${user}">{'id': 6, 'name': 'Mrs. Dennis Schulist', 'username': 'Leopoldo_Corkery', 'email': 'Karley_Dach@jasper.info', 'address': {'street': 'Norberto Crossing', 'suite': 'Apt. 950', 'city': 'South Christy', '...</var>
<status status="PASS" start="2024-10-23T10:03:55.391054" elapsed="7.142297"/>
</iter>
<iter>
<kw name="Go To Link">
<kw name="Click Element" owner="SeleniumLibrary">
<msg time="2024-10-23T10:04:02.533964" level="INFO">Clicking element '//a[text()="Customers"]'.</msg>
<arg>//a[text()="${text}"]</arg>
<doc>Click the element identified by ``locator``.</doc>
<status status="PASS" start="2024-10-23T10:04:02.533802" elapsed="0.064988"/>
</kw>
<kw name="Wait Until Element Is Visible" owner="SeleniumLibrary">
<arg>//tbody//tr</arg>
<doc>Waits until the element ``locator`` is visible.</doc>
<status status="PASS" start="2024-10-23T10:04:02.599144" elapsed="0.011257"/>
</kw>
<status status="PASS" start="2024-10-23T10:04:02.533590" elapsed="0.076906"/>
</kw>
<kw name="Open Add Identity Modal">
<kw name="Click Element" owner="SeleniumLibrary">
<msg time="2024-10-23T10:04:02.610966" level="INFO">Clicking element '//a[@aria-label="Create"]'.</msg>
<arg>//a[@aria-label="Create"]</arg>
<doc>Click the element identified by ``locator``.</doc>
<status status="PASS" start="2024-10-23T10:04:02.610835" elapsed="0.083496"/>
</kw>
<kw name="Wait Until Element Is Visible" owner="SeleniumLibrary">
<arg>${identity_txt_firstName}</arg>
<doc>Waits until the element ``locator`` is visible.</doc>
<status status="PASS" start="2024-10-23T10:04:02.694493" elapsed="0.013017"/>
</kw>
<kw name="Sleep" owner="BuiltIn">
<msg time="2024-10-23T10:04:03.707857" level="INFO">Slept 1 second.</msg>
<arg>1s</arg>
<doc>Pauses the test executed for the given time.</doc>
<status status="PASS" start="2024-10-23T10:04:02.707656" elapsed="1.000292"/>
</kw>
<status status="PASS" start="2024-10-23T10:04:02.610631" elapsed="1.097406"/>
</kw>
<kw name="Wait Until Element Is Visible" owner="SeleniumLibrary">
<arg>//form//div//div//h6[text()="Identity"]</arg>
<arg>timeout=5</arg>
<doc>Waits until the element ``locator`` is visible.</doc>
<status status="PASS" start="2024-10-23T10:04:03.708157" elapsed="0.010856"/>
</kw>
<kw name="Add User">
<kw name="Evaluate" owner="BuiltIn">
<msg time="2024-10-23T10:04:03.719975" level="INFO">${firstName} = Kurtis</msg>
<var>${firstName}</var>
<arg>" ".join("${user['name']}".split()[:-1]).strip()</arg>
<doc>Evaluates the given expression in Python and returns the result.</doc>
<status status="PASS" start="2024-10-23T10:04:03.719480" elapsed="0.000523"/>
</kw>
<kw name="Evaluate" owner="BuiltIn">
<msg time="2024-10-23T10:04:03.720527" level="INFO">${lastName} = Weissnat</msg>
<var>${lastName}</var>
<arg>" ".join("${user['name']}".split()[-1:]).strip()</arg>
<doc>Evaluates the given expression in Python and returns the result.</doc>
<status status="PASS" start="2024-10-23T10:04:03.720103" elapsed="0.000450"/>
</kw>
<kw name="Generate Random String" owner="String">
<msg time="2024-10-23T10:04:03.720764" level="INFO">${state} = LudYdTOr</msg>
<var>${state}</var>
<doc>Generates a string with a desired ``length`` from the given ``chars``.</doc>
<status status="PASS" start="2024-10-23T10:04:03.720651" elapsed="0.000139"/>
</kw>
<kw name="Generate Password" owner="Users">
<msg time="2024-10-23T10:04:03.720995" level="INFO">${generated_password} = RevWZzJ4qRJc7u8t11Wi</msg>
<var>${generated_password}</var>
<status status="PASS" start="2024-10-23T10:04:03.720874" elapsed="0.000144"/>
</kw>
<kw name="Input Text">
<kw name="Input Text" owner="SeleniumLibrary">
<msg time="2024-10-23T10:04:03.721520" level="INFO">Typing text 'Kurtis' into text field '//input[@name='first_name']'.</msg>
<arg>${locator}</arg>
<arg>${value}</arg>
<doc>Types the given ``text`` into the text field identified by ``locator``.</doc>
<status status="PASS" start="2024-10-23T10:04:03.721359" elapsed="0.082760"/>
</kw>
<arg>${identity_txt_firstName}</arg>
<arg>${firstName}</arg>
<status status="PASS" start="2024-10-23T10:04:03.721116" elapsed="0.083121"/>
</kw>
<kw name="Input Text">
<kw name="Input Text" owner="SeleniumLibrary">
<msg time="2024-10-23T10:04:03.804934" level="INFO">Typing text 'Weissnat' into text field '//input[@name='last_name']'.</msg>
<arg>${locator}</arg>
<arg>${value}</arg>
<doc>Types the given ``text`` into the text field identified by ``locator``.</doc>
<status status="PASS" start="2024-10-23T10:04:03.804770" elapsed="0.079392"/>
</kw>
<arg>${identity_txt_lastName}</arg>
<arg>${lastName}</arg>
<status status="PASS" start="2024-10-23T10:04:03.804458" elapsed="0.079835"/>
</kw>
<kw name="Input Text">
<kw name="Input Text" owner="SeleniumLibrary">
<msg time="2024-10-23T10:04:03.885464" level="INFO">Typing text 'Telly.Hoeger@billy.biz' into text field '//input[@name='email']'.</msg>
<arg>${locator}</arg>
<arg>${value}</arg>
<doc>Types the given ``text`` into the text field identified by ``locator``.</doc>
<status status="PASS" start="2024-10-23T10:04:03.885254" elapsed="0.113075"/>
</kw>
<arg>${identity_txt_email}</arg>
<arg>${user['email']}</arg>
<status status="PASS" start="2024-10-23T10:04:03.884492" elapsed="0.113971"/>
</kw>
<kw name="Input Date">
<kw name="Click Element At Coordinates" owner="SeleniumLibrary">
<msg time="2024-10-23T10:04:04.000083" level="INFO">Clicking element '//input[@type='date']' at coordinates x=0, y=0.</msg>
<arg>${locator}</arg>
<arg>0</arg>
<arg>0</arg>
<doc>Click the element ``locator`` at ``xoffset/yoffset``.</doc>
<status status="PASS" start="2024-10-23T10:04:03.999743" elapsed="0.549523"/>
</kw>
<kw name="Press Keys" owner="SeleniumLibrary">
<msg time="2024-10-23T10:04:04.549800" level="INFO">Sending key(s) ('031077',) to page.</msg>
<msg time="2024-10-23T10:04:04.549872" level="INFO">Sending keys 031077</msg>
<arg>None</arg>
<arg>${date}</arg>
<doc>Simulates the user pressing key(s) to an element or on the active browser.</doc>
<status status="PASS" start="2024-10-23T10:04:04.549462" elapsed="0.027121"/>
</kw>
<arg>${identity_txt_birthday}</arg>
<arg>${user['birthday']}</arg>
<status status="PASS" start="2024-10-23T10:04:03.998698" elapsed="0.577986"/>
</kw>
<kw name="Input Text">
<kw name="Input Text" owner="SeleniumLibrary">
<msg time="2024-10-23T10:04:04.578184" level="INFO">Typing text 'Suite 280 Rex Trail' into text field '//textarea[@name="address"]'.</msg>
<arg>${locator}</arg>
<arg>${value}</arg>
<doc>Types the given ``text`` into the text field identified by ``locator``.</doc>
<status status="PASS" start="2024-10-23T10:04:04.577859" elapsed="0.096955"/>
</kw>
<arg>${identity_txt_address}</arg>
<arg>${user['address']['suite']} ${user['address']['street']}</arg>
<status status="PASS" start="2024-10-23T10:04:04.576817" elapsed="0.098171"/>
</kw>
<kw name="Input Text">
<kw name="Input Text" owner="SeleniumLibrary">
<msg time="2024-10-23T10:04:04.676198" level="INFO">Typing text 'Howemouth' into text field '//input[@name='city']'.</msg>
<arg>${locator}</arg>
<arg>${value}</arg>
<doc>Types the given ``text`` into the text field identified by ``locator``.</doc>
<status status="PASS" start="2024-10-23T10:04:04.675964" elapsed="0.079069"/>
</kw>
<arg>${identity_txt_city}</arg>
<arg>${user['address']['city']}</arg>
<status status="PASS" start="2024-10-23T10:04:04.675205" elapsed="0.079983"/>
</kw>
<kw name="Input Text">
<kw name="Input Text" owner="SeleniumLibrary">
<msg time="2024-10-23T10:04:04.755875" level="INFO">Typing text 'LudYdTOr' into text field '//input[@name='stateAbbr']'.</msg>
<arg>${locator}</arg>
<arg>${value}</arg>
<doc>Types the given ``text`` into the text field identified by ``locator``.</doc>
<status status="PASS" start="2024-10-23T10:04:04.755690" elapsed="0.101024"/>
</kw>
<arg>${identity_txt_state}</arg>
<arg>${state}</arg>
<status status="PASS" start="2024-10-23T10:04:04.755371" elapsed="0.101455"/>
</kw>
<kw name="Input Text">
<kw name="Input Text" owner="SeleniumLibrary">
<msg time="2024-10-23T10:04:04.857766" level="INFO">Typing text '58804-1099' into text field '//input[@name='zipcode']'.</msg>
<arg>${locator}</arg>
<arg>${value}</arg>
[...]
<msg time="2024-10-23T10:04:43.693761" level="INFO">${orders} = 0</msg>
<var>${orders}</var>
<arg>((//tbody//tr)[${i}]//td)[4]</arg>
<doc>Returns the text value of the element identified by ``locator``.</doc>
<status status="PASS" start="2024-10-23T10:04:43.670330" elapsed="0.023482"/>
</kw>
<if>
<branch type="IF" condition="'${orders}'=='0'">
<kw name="Evaluate" owner="BuiltIn">
<msg time="2024-10-23T10:04:43.694491" level="INFO">${name} = Davonte Bednar</msg>
<var>${name}</var>
<arg>"""${name}""".replace("\\n","")[1:]</arg>
<doc>Evaluates the given expression in Python and returns the result.</doc>
<status status="PASS" start="2024-10-23T10:04:43.694207" elapsed="0.000323"/>
</kw>
<kw name="Append To List" owner="Collections">
<arg>${list_of_users_with_zero_orders}</arg>
<arg>${name}</arg>
<doc>Adds ``values`` to the end of ``list``.</doc>
<status status="PASS" start="2024-10-23T10:04:43.694682" elapsed="0.000181"/>
</kw>
<status status="PASS" start="2024-10-23T10:04:43.693952" elapsed="0.000970"/>
</branch>
<status status="PASS" start="2024-10-23T10:04:43.693930" elapsed="0.001043"/>
</if>
<var name="${i}">16</var>
<status status="PASS" start="2024-10-23T10:04:43.646238" elapsed="0.048768"/>
</iter>
<iter>
<kw name="Get Text" owner="SeleniumLibrary">
<msg time="2024-10-23T10:04:43.724446" level="INFO">${name} = P
Pablo Harvey</msg>
<var>${name}</var>
<arg>((//tbody//tr)[${i}]//td)[2]</arg>
<doc>Returns the text value of the element identified by ``locator``.</doc>
<status status="PASS" start="2024-10-23T10:04:43.695288" elapsed="0.029244"/>
</kw>
<kw name="Get Text" owner="SeleniumLibrary">
<msg time="2024-10-23T10:04:43.754613" level="INFO">${orders} = 0</msg>
<var>${orders}</var>
<arg>((//tbody//tr)[${i}]//td)[4]</arg>
<doc>Returns the text value of the element identified by ``locator``.</doc>
<status status="PASS" start="2024-10-23T10:04:43.724883" elapsed="0.029777"/>
</kw>
<if>
<branch type="IF" condition="'${orders}'=='0'">
<kw name="Evaluate" owner="BuiltIn">
<msg time="2024-10-23T10:04:43.755404" level="INFO">${name} = Pablo Harvey</msg>
<var>${name}</var>
<arg>"""${name}""".replace("\\n","")[1:]</arg>
<doc>Evaluates the given expression in Python and returns the result.</doc>
<status status="PASS" start="2024-10-23T10:04:43.755042" elapsed="0.000402"/>
</kw>
<kw name="Append To List" owner="Collections">
<arg>${list_of_users_with_zero_orders}</arg>
<arg>${name}</arg>
<doc>Adds ``values`` to the end of ``list``.</doc>
<status status="PASS" start="2024-10-23T10:04:43.755571" elapsed="0.000164"/>
</kw>
<status status="PASS" start="2024-10-23T10:04:43.754805" elapsed="0.000983"/>
</branch>
<status status="PASS" start="2024-10-23T10:04:43.754783" elapsed="0.001049"/>
</if>
<var name="${i}">17</var>
<status status="PASS" start="2024-10-23T10:04:43.695175" elapsed="0.060690"/>
</iter>
<iter>
<kw name="Get Text" owner="SeleniumLibrary">
<msg time="2024-10-23T10:04:43.776232" level="INFO">${name} = T
Tanya Marquardt</msg>
<var>${name}</var>
<arg>((//tbody//tr)[${i}]//td)[2]</arg>
<doc>Returns the text value of the element identified by ``locator``.</doc>
<status status="PASS" start="2024-10-23T10:04:43.756114" elapsed="0.020173"/>
</kw>
<kw name="Get Text" owner="SeleniumLibrary">
<msg time="2024-10-23T10:04:43.796186" level="INFO">${orders} = 0</msg>
<var>${orders}</var>
<arg>((//tbody//tr)[${i}]//td)[4]</arg>
<doc>Returns the text value of the element identified by ``locator``.</doc>
<status status="PASS" start="2024-10-23T10:04:43.776510" elapsed="0.019722"/>
</kw>
<if>
<branch type="IF" condition="'${orders}'=='0'">
<kw name="Evaluate" owner="BuiltIn">
<msg time="2024-10-23T10:04:43.796835" level="INFO">${name} = Tanya Marquardt</msg>
<var>${name}</var>
<arg>"""${name}""".replace("\\n","")[1:]</arg>
<doc>Evaluates the given expression in Python and returns the result.</doc>
<status status="PASS" start="2024-10-23T10:04:43.796590" elapsed="0.000278"/>
</kw>
<kw name="Append To List" owner="Collections">
<arg>${list_of_users_with_zero_orders}</arg>
<arg>${name}</arg>
<doc>Adds ``values`` to the end of ``list``.</doc>
<status status="PASS" start="2024-10-23T10:04:43.796995" elapsed="0.000156"/>
</kw>
<status status="PASS" start="2024-10-23T10:04:43.796359" elapsed="0.000845"/>
</branch>
<status status="PASS" start="2024-10-23T10:04:43.796337" elapsed="0.000912"/>
</if>
<var name="${i}">18</var>
<status status="PASS" start="2024-10-23T10:04:43.756022" elapsed="0.041257"/>
</iter>
<iter>
<kw name="Get Text" owner="SeleniumLibrary">
<msg time="2024-10-23T10:04:43.816205" level="INFO">${name} = N
Napoleon Balistreri</msg>
<var>${name}</var>
<arg>((//tbody//tr)[${i}]//td)[2]</arg>
<doc>Returns the text value of the element identified by ``locator``.</doc>
<status status="PASS" start="2024-10-23T10:04:43.797561" elapsed="0.018686"/>
</kw>
<kw name="Get Text" owner="SeleniumLibrary">
<msg time="2024-10-23T10:04:43.831410" level="INFO">${orders} = 0</msg>
<var>${orders}</var>
<arg>((//tbody//tr)[${i}]//td)[4]</arg>
<doc>Returns the text value of the element identified by ``locator``.</doc>
<status status="PASS" start="2024-10-23T10:04:43.816407" elapsed="0.015050"/>
</kw>
<if>
<branch type="IF" condition="'${orders}'=='0'">
<kw name="Evaluate" owner="BuiltIn">
<msg time="2024-10-23T10:04:43.832013" level="INFO">${name} = Napoleon Balistreri</msg>
<var>${name}</var>
<arg>"""${name}""".replace("\\n","")[1:]</arg>
<doc>Evaluates the given expression in Python and returns the result.</doc>
<status status="PASS" start="2024-10-23T10:04:43.831794" elapsed="0.000245"/>
</kw>
<kw name="Append To List" owner="Collections">
<arg>${list_of_users_with_zero_orders}</arg>
<arg>${name}</arg>
<doc>Adds ``values`` to the end of ``list``.</doc>
<status status="PASS" start="2024-10-23T10:04:43.832141" elapsed="0.000143"/>
</kw>
<status status="PASS" start="2024-10-23T10:04:43.831582" elapsed="0.000748"/>
</branch>
<status status="PASS" start="2024-10-23T10:04:43.831556" elapsed="0.000812"/>
</if>
<var name="${i}">19</var>
<status status="PASS" start="2024-10-23T10:04:43.797456" elapsed="0.034936"/>
</iter>
<iter>
<kw name="Get Text" owner="SeleniumLibrary">
<msg time="2024-10-23T10:04:43.848016" level="INFO">${name} = Lydia Denesik</msg>
<var>${name}</var>
<arg>((//tbody//tr)[${i}]//td)[2]</arg>
<doc>Returns the text value of the element identified by ``locator``.</doc>
<status status="PASS" start="2024-10-23T10:04:43.832607" elapsed="0.015451"/>
</kw>
<kw name="Get Text" owner="SeleniumLibrary">
<msg time="2024-10-23T10:04:43.861356" level="INFO">${orders} = 2</msg>
<var>${orders}</var>
<arg>((//tbody//tr)[${i}]//td)[4]</arg>
<doc>Returns the text value of the element identified by ``locator``.</doc>
<status status="PASS" start="2024-10-23T10:04:43.848230" elapsed="0.013165"/>
</kw>
<if>
<branch type="IF" condition="'${orders}'=='0'">
<kw name="Evaluate" owner="BuiltIn">
<var>${name}</var>
<arg>"""${name}""".replace("\\n","")[1:]</arg>
<doc>Evaluates the given expression in Python and returns the result.</doc>
<status status="NOT RUN" start="2024-10-23T10:04:43.861694" elapsed="0.000029"/>
</kw>
<kw name="Append To List" owner="Collections">
<arg>${list_of_users_with_zero_orders}</arg>
<arg>${name}</arg>
<doc>Adds ``values`` to the end of ``list``.</doc>
<status status="NOT RUN" start="2024-10-23T10:04:43.861818" elapsed="0.000025"/>
</kw>
<status status="NOT RUN" start="2024-10-23T10:04:43.861502" elapsed="0.000381"/>
</branch>
<status status="PASS" start="2024-10-23T10:04:43.861484" elapsed="0.000434"/>
</if>
<var name="${i}">20</var>
<status status="PASS" start="2024-10-23T10:04:43.832526" elapsed="0.029416"/>
</iter>
<iter>
<kw name="Get Text" owner="SeleniumLibrary">
<msg time="2024-10-23T10:04:43.875656" level="INFO">${name} = T
Tressie Mueller</msg>
<var>${name}</var>
<arg>((//tbody//tr)[${i}]//td)[2]</arg>
<doc>Returns the text value of the element identified by ``locator``.</doc>
<status status="PASS" start="2024-10-23T10:04:43.862153" elapsed="0.013544"/>
</kw>
<kw name="Get Text" owner="SeleniumLibrary">
<msg time="2024-10-23T10:04:43.888614" level="INFO">${orders} = 0</msg>
<var>${orders}</var>
<arg>((//tbody//tr)[${i}]//td)[4]</arg>
<doc>Returns the text value of the element identified by ``locator``.</doc>
<status status="PASS" start="2024-10-23T10:04:43.875845" elapsed="0.012808"/>
</kw>
<if>
<branch type="IF" condition="'${orders}'=='0'">
<kw name="Evaluate" owner="BuiltIn">
<msg time="2024-10-23T10:04:43.889174" level="INFO">${name} = Tressie Mueller</msg>
<var>${name}</var>
<arg>"""${name}""".replace("\\n","")[1:]</arg>
<doc>Evaluates the given expression in Python and returns the result.</doc>
<status status="PASS" start="2024-10-23T10:04:43.888962" elapsed="0.000557"/>
</kw>
<kw name="Append To List" owner="Collections">
<arg>${list_of_users_with_zero_orders}</arg>
<arg>${name}</arg>
<doc>Adds ``values`` to the end of ``list``.</doc>
<status status="PASS" start="2024-10-23T10:04:43.889629" elapsed="0.000141"/>
</kw>
<status status="PASS" start="2024-10-23T10:04:43.888770" elapsed="0.001048"/>
</branch>
<status status="PASS" start="2024-10-23T10:04:43.888753" elapsed="0.001103"/>
</if>
<var name="${i}">21</var>
<status status="PASS" start="2024-10-23T10:04:43.862077" elapsed="0.027803"/>
</iter>
<iter>
<kw name="Get Text" owner="SeleniumLibrary">
<msg time="2024-10-23T10:04:43.903605" level="INFO">${name} = Ronny Wiegand</msg>
<var>${name}</var>
<arg>((//tbody//tr)[${i}]//td)[2]</arg>
<doc>Returns the text value of the element identified by ``locator``.</doc>
<status status="PASS" start="2024-10-23T10:04:43.890137" elapsed="0.013510"/>
</kw>
<kw name="Get Text" owner="SeleniumLibrary">
<msg time="2024-10-23T10:04:43.916836" level="INFO">${orders} = 3</msg>
<var>${orders}</var>
<arg>((//tbody//tr)[${i}]//td)[4]</arg>
<doc>Returns the text value of the element identified by ``locator``.</doc>
<status status="PASS" start="2024-10-23T10:04:43.903806" elapsed="0.013071"/>
</kw>
<if>
<branch type="IF" condition="'${orders}'=='0'">
<kw name="Evaluate" owner="BuiltIn">
<var>${name}</var>
<arg>"""${name}""".replace("\\n","")[1:]</arg>
<doc>Evaluates the given expression in Python and returns the result.</doc>
<status status="NOT RUN" start="2024-10-23T10:04:43.917229" elapsed="0.000039"/>
</kw>
<kw name="Append To List" owner="Collections">
<arg>${list_of_users_with_zero_orders}</arg>
<arg>${name}</arg>
<doc>Adds ``values`` to the end of ``list``.</doc>
<status status="NOT RUN" start="2024-10-23T10:04:43.917368" elapsed="0.000026"/>
</kw>
<status status="NOT RUN" start="2024-10-23T10:04:43.917014" elapsed="0.000438"/>
</branch>
<status status="PASS" start="2024-10-23T10:04:43.916985" elapsed="0.000526"/>
</if>
<var name="${i}">22</var>
<status status="PASS" start="2024-10-23T10:04:43.890021" elapsed="0.027528"/>
</iter>
<iter>
<kw name="Get Text" owner="SeleniumLibrary">
<msg time="2024-10-23T10:04:43.931600" level="INFO">${name} = M
Maribel Kautzer</msg>
<var>${name}</var>
<arg>((//tbody//tr)[${i}]//td)[2]</arg>
<doc>Returns the text value of the element identified by ``locator``.</doc>
<status status="PASS" start="2024-10-23T10:04:43.917810" elapsed="0.013836"/>
</kw>
<kw name="Get Text" owner="SeleniumLibrary">
<msg time="2024-10-23T10:04:43.945088" level="INFO">${orders} = 0</msg>
<var>${orders}</var>
<arg>((//tbody//tr)[${i}]//td)[4]</arg>
<doc>Returns the text value of the element identified by ``locator``.</doc>
<status status="PASS" start="2024-10-23T10:04:43.931793" elapsed="0.013361"/>
</kw>
<if>
<branch type="IF" condition="'${orders}'=='0'">
<kw name="Evaluate" owner="BuiltIn">
<msg time="2024-10-23T10:04:43.945946" level="INFO">${name} = Maribel Kautzer</msg>
<var>${name}</var>
<arg>"""${name}""".replace("\\n","")[1:]</arg>
<doc>Evaluates the given expression in Python and returns the result.</doc>
<status status="PASS" start="2024-10-23T10:04:43.945579" elapsed="0.000412"/>
</kw>
<kw name="Append To List" owner="Collections">
<arg>${list_of_users_with_zero_orders}</arg>
<arg>${name}</arg>
<doc>Adds ``values`` to the end of ``list``.</doc>
<status status="PASS" start="2024-10-23T10:04:43.946223" elapsed="0.000212"/>
</kw>
<status status="PASS" start="2024-10-23T10:04:43.945300" elapsed="0.001227"/>
</branch>
<status status="PASS" start="2024-10-23T10:04:43.945275" elapsed="0.001320"/>
</if>
<var name="${i}">23</var>
<status status="PASS" start="2024-10-23T10:04:43.917699" elapsed="0.028927"/>
</iter>
<iter>
<kw name="Get Text" owner="SeleniumLibrary">
<msg time="2024-10-23T10:04:43.962524" level="INFO">${name} = R
Raegan Walker</msg>
<var>${name}</var>
<arg>((//tbody//tr)[${i}]//td)[2]</arg>
<doc>Returns the text value of the element identified by ``locator``.</doc>
<status status="PASS" start="2024-10-23T10:04:43.946893" elapsed="0.015675"/>
</kw>
<kw name="Get Text" owner="SeleniumLibrary">
<msg time="2024-10-23T10:04:43.977486" level="INFO">${orders} = 0</msg>
<var>${orders}</var>
<arg>((//tbody//tr)[${i}]//td)[4]</arg>
<doc>Returns the text value of the element identified by ``locator``.</doc>
<status status="PASS" start="2024-10-23T10:04:43.962737" elapsed="0.014789"/>
</kw>
<if>
<branch type="IF" condition="'${orders}'=='0'">
<kw name="Evaluate" owner="BuiltIn">
<msg time="2024-10-23T10:04:43.978047" level="INFO">${name} = Raegan Walker</msg>
<var>${name}</var>
<arg>"""${name}""".replace("\\n","")[1:]</arg>
<doc>Evaluates the given expression in Python and returns the result.</doc>
<status status="PASS" start="2024-10-23T10:04:43.977835" elapsed="0.000238"/>
</kw>
<kw name="Append To List" owner="Collections">
<arg>${list_of_users_with_zero_orders}</arg>
<arg>${name}</arg>
<doc>Adds ``values`` to the end of ``list``.</doc>
<status status="PASS" start="2024-10-23T10:04:43.978171" elapsed="0.000137"/>
</kw>
<status status="PASS" start="2024-10-23T10:04:43.977638" elapsed="0.000716"/>
</branch>
<status status="PASS" start="2024-10-23T10:04:43.977621" elapsed="0.000770"/>
</if>
<var name="${i}">24</var>
<status status="PASS" start="2024-10-23T10:04:43.946794" elapsed="0.031620"/>
</iter>
<iter>
<kw name="Get Text" owner="SeleniumLibrary">
<msg time="2024-10-23T10:04:43.994546" level="INFO">${name} = E
Eulah Hintz</msg>
<var>${name}</var>
<arg>((//tbody//tr)[${i}]//td)[2]</arg>
<doc>Returns the text value of the element identified by ``locator``.</doc>
<status status="PASS" start="2024-10-23T10:04:43.978629" elapsed="0.015966"/>
</kw>
<kw name="Get Text" owner="SeleniumLibrary">
<msg time="2024-10-23T10:04:44.009851" level="INFO">${orders} = 0</msg>
<var>${orders}</var>
<arg>((//tbody//tr)[${i}]//td)[4]</arg>
<doc>Returns the text value of the element identified by ``locator``.</doc>
<status status="PASS" start="2024-10-23T10:04:43.994780" elapsed="0.015114"/>
</kw>
<if>
<branch type="IF" condition="'${orders}'=='0'">
<kw name="Evaluate" owner="BuiltIn">
<msg time="2024-10-23T10:04:44.010507" level="INFO">${name} = Eulah Hintz</msg>
<var>${name}</var>
<arg>"""${name}""".replace("\\n","")[1:]</arg>
<doc>Evaluates the given expression in Python and returns the result.</doc>
<status status="PASS" start="2024-10-23T10:04:44.010246" elapsed="0.000295"/>
</kw>
<kw name="Append To List" owner="Collections">
<arg>${list_of_users_with_zero_orders}</arg>
<arg>${name}</arg>
<doc>Adds ``values`` to the end of ``list``.</doc>
<status status="PASS" start="2024-10-23T10:04:44.010662" elapsed="0.000169"/>
</kw>
<status status="PASS" start="2024-10-23T10:04:44.010018" elapsed="0.000871"/>
</branch>
<status status="PASS" start="2024-10-23T10:04:44.009995" elapsed="0.000941"/>
</if>
<var name="${i}">25</var>
<status status="PASS" start="2024-10-23T10:04:43.978549" elapsed="0.032416"/>
</iter>
<var>${i}</var>
<value>1</value>
<value>${len}+1</value>
<status status="PASS" start="2024-10-23T10:04:43.012500" elapsed="0.998519"/>
</for>
<kw name="Evaluate" owner="BuiltIn">
<msg time="2024-10-23T10:04:44.011409" level="INFO">${found_no_orders} = 18</msg>
<var>${found_no_orders}</var>
<arg>len(${list_of_users_with_zero_orders})</arg>
<doc>Evaluates the given expression in Python and returns the result.</doc>
<status status="PASS" start="2024-10-23T10:04:44.011154" elapsed="0.000281"/>
</kw>
<kw name="Log To Console" owner="BuiltIn">
<arg>${found_no_orders}</arg>
<doc>Logs the given message to the console.</doc>
<status status="PASS" start="2024-10-23T10:04:44.011530" elapsed="0.000280"/>
</kw>
<if>
<branch type="IF" condition="${found_no_orders}&gt;0">
<kw name="Log To Console" owner="BuiltIn">
<arg>\n\nUsers with 0 orders found.</arg>
<doc>Logs the given message to the console.</doc>
<status status="PASS" start="2024-10-23T10:04:44.012073" elapsed="0.000341"/>
</kw>
<kw name="Fail" owner="BuiltIn">
<msg time="2024-10-23T10:04:44.012770" level="FAIL">['Alexandro Doyle', 'Derick Considine', 'Bethel Olson', 'Carrie Lind', 'usana Botsford', 'Zita Leannon', 'Fernando Watsica', 'Frieda Pouros', 'Lloyd Smitham', 'Josie Wilkinson', 'Davonte Bednar', 'Pablo Harvey', 'Tanya Marquardt', 'Napoleon Balistreri', 'Tressie Mueller', 'Maribel Kautzer', 'Raegan Walker', 'Eulah Hintz']</msg>
<arg>${list_of_users_with_zero_orders}</arg>
<doc>Fails the test with the given message and optionally alters its tags.</doc>
<status status="FAIL" start="2024-10-23T10:04:44.012537" elapsed="0.000383">['Alexandro Doyle', 'Derick Considine', 'Bethel Olson', 'Carrie Lind', 'usana Botsford', 'Zita Leannon', 'Fernando Watsica', 'Frieda Pouros', 'Lloyd Smitham', 'Josie Wilkinson', 'Davonte Bednar', 'Pablo Harvey', 'Tanya Marquardt', 'Napoleon Balistreri', 'Tressie Mueller', 'Maribel Kautzer', 'Raegan Walker', 'Eulah Hintz']</status>
</kw>
<status status="FAIL" start="2024-10-23T10:04:44.011904" elapsed="0.001140">['Alexandro Doyle', 'Derick Considine', 'Bethel Olson', 'Carrie Lind', 'usana Botsford', 'Zita Leannon', 'Fernando Watsica', 'Frieda Pouros', 'Lloyd Smitham', 'Josie Wilkinson', 'Davonte Bednar', 'Pablo Harvey', 'Tanya Marquardt', 'Napoleon Balistreri', 'Tressie Mueller', 'Maribel Kautzer', 'Raegan Walker', 'Eulah Hintz']</status>
</branch>
<status status="FAIL" start="2024-10-23T10:04:44.011886" elapsed="0.001208">['Alexandro Doyle', 'Derick Considine', 'Bethel Olson', 'Carrie Lind', 'usana Botsford', 'Zita Leannon', 'Fernando Watsica', 'Frieda Pouros', 'Lloyd Smitham', 'Josie Wilkinson', 'Davonte Bednar', 'Pablo Harvey', 'Tanya Marquardt', 'Napoleon Balistreri', 'Tressie Mueller', 'Maribel Kautzer', 'Raegan Walker', 'Eulah Hintz']</status>
</if>
<status status="FAIL" start="2024-10-23T10:04:36.082530" elapsed="7.930661">['Alexandro Doyle', 'Derick Considine', 'Bethel Olson', 'Carrie Lind', 'usana Botsford', 'Zita Leannon', 'Fernando Watsica', 'Frieda Pouros', 'Lloyd Smitham', 'Josie Wilkinson', 'Davonte Bednar', 'Pablo Harvey', 'Tanya Marquardt', 'Napoleon Balistreri', 'Tressie Mueller', 'Maribel Kautzer', 'Raegan Walker', 'Eulah Hintz']</status>
</kw>
<status status="FAIL" start="2024-10-23T10:04:31.363504" elapsed="12.649906">['Alexandro Doyle', 'Derick Considine', 'Bethel Olson', 'Carrie Lind', 'usana Botsford', 'Zita Leannon', 'Fernando Watsica', 'Frieda Pouros', 'Lloyd Smitham', 'Josie Wilkinson', 'Davonte Bednar', 'Pablo Harvey', 'Tanya Marquardt', 'Napoleon Balistreri', 'Tressie Mueller', 'Maribel Kautzer', 'Raegan Walker', 'Eulah Hintz']</status>
</test>
<kw name="Close Browser" owner="SeleniumLibrary" type="TEARDOWN">
<doc>Closes the current browser.</doc>
<status status="PASS" start="2024-10-23T10:04:44.014404" elapsed="2.141732"/>
</kw>
<status status="FAIL" start="2024-10-23T10:03:12.381202" elapsed="93.775250"/>
</suite>
<status status="FAIL" start="2024-10-23T10:03:12.353680" elapsed="93.807181"/>
</suite>
<statistics>
<total>
<stat pass="1" fail="1" skip="0">All Tests</stat>
</total>
<tag>
</tag>
<suite>
<stat pass="1" fail="1" skip="0" id="s1" name="Automation Files">Automation Files</stat>
<stat pass="1" fail="1" skip="0" id="s1-s1" name="Test">Automation Files.Test</stat>
</suite>
</statistics>
<errors>
</errors>
</robot>
